{
  "stats": {
    "suites": 20,
    "tests": 43,
    "passes": 41,
    "pending": 0,
    "failures": 2,
    "testsRegistered": 43,
    "passPercent": 95.34883720930233,
    "pendingPercent": 0,
    "other": 0,
    "hasOther": false,
    "skipped": 0,
    "hasSkipped": false,
    "start": "2024-03-09T17:43:18.439Z",
    "end": "2024-03-09T17:44:51.401Z",
    "duration": 92962
  },
  "results": [
    {
      "uuid": "a858aa6b-74c0-45d2-827f-51ae0fc7fe40",
      "title": "",
      "fullFile": "cypress/e2e/1-getting-started/todo.cy.js",
      "file": "cypress/e2e/1-getting-started/todo.cy.js",
      "beforeHooks": [],
      "afterHooks": [],
      "tests": [],
      "suites": [
        {
          "uuid": "6359cb38-4e85-4555-a895-129f57760406",
          "title": "example to-do app",
          "fullFile": "",
          "file": "",
          "beforeHooks": [],
          "afterHooks": [],
          "tests": [
            {
              "title": "displays two todo items by default",
              "fullTitle": "example to-do app displays two todo items by default",
              "timedOut": null,
              "duration": 1486,
              "state": "passed",
              "speed": "fast",
              "pass": true,
              "fail": false,
              "pending": false,
              "context": null,
              "code": "// We use the `cy.get()` command to get all elements that match the selector.\n// Then, we use `should` to assert that there are two matched items,\n// which are the two default items.\ncy.get('.todo-list li').should('have.length', 2);\n// We can go even further and check that the default todos each contain\n// the correct text. We use the `first` and `last` functions\n// to get just the first and last matched elements individually,\n// and then perform an assertion with `should`.\ncy.get('.todo-list li').first().should('have.text', 'Pay electric bill');\ncy.get('.todo-list li').last().should('have.text', 'Walk the dog');",
              "err": {},
              "uuid": "0bc98714-91e4-4f6f-8e16-420cddb631b1",
              "parentUUID": "6359cb38-4e85-4555-a895-129f57760406",
              "isHook": false,
              "skipped": false
            },
            {
              "title": "can add new todo items",
              "fullTitle": "example to-do app can add new todo items",
              "timedOut": null,
              "duration": 376,
              "state": "passed",
              "speed": "fast",
              "pass": true,
              "fail": false,
              "pending": false,
              "context": null,
              "code": "// We'll store our item text in a variable so we can reuse it\nconst newItem = 'Feed the cat';\n// Let's get the input element and use the `type` command to\n// input our new list item. After typing the content of our item,\n// we need to type the enter key as well in order to submit the input.\n// This input has a data-test attribute so we'll use that to select the\n// element in accordance with best practices:\n// https://on.cypress.io/selecting-elements\ncy.get('[data-test=new-todo]').type(`${newItem}{enter}`);\n// Now that we've typed our new item, let's check that it actually was added to the list.\n// Since it's the newest item, it should exist as the last element in the list.\n// In addition, with the two default items, we should have a total of 3 elements in the list.\n// Since assertions yield the element that was asserted on,\n// we can chain both of these assertions together into a single statement.\ncy.get('.todo-list li').should('have.length', 3).last().should('have.text', newItem);",
              "err": {},
              "uuid": "fd32f451-26b8-4a7f-8398-338ffa244dc9",
              "parentUUID": "6359cb38-4e85-4555-a895-129f57760406",
              "isHook": false,
              "skipped": false
            },
            {
              "title": "can check off an item as completed",
              "fullTitle": "example to-do app can check off an item as completed",
              "timedOut": null,
              "duration": 164,
              "state": "passed",
              "speed": "fast",
              "pass": true,
              "fail": false,
              "pending": false,
              "context": null,
              "code": "// In addition to using the `get` command to get an element by selector,\n// we can also use the `contains` command to get an element by its contents.\n// However, this will yield the <label>, which is lowest-level element that contains the text.\n// In order to check the item, we'll find the <input> element for this <label>\n// by traversing up the dom to the parent element. From there, we can `find`\n// the child checkbox <input> element and use the `check` command to check it.\ncy.contains('Pay electric bill').parent().find('input[type=checkbox]').check();\n// Now that we've checked the button, we can go ahead and make sure\n// that the list element is now marked as completed.\n// Again we'll use `contains` to find the <label> element and then use the `parents` command\n// to traverse multiple levels up the dom until we find the corresponding <li> element.\n// Once we get that element, we can assert that it has the completed class.\ncy.contains('Pay electric bill').parents('li').should('have.class', 'completed');",
              "err": {},
              "uuid": "9b29624a-9958-4537-8bf3-07e7d1d22a54",
              "parentUUID": "6359cb38-4e85-4555-a895-129f57760406",
              "isHook": false,
              "skipped": false
            }
          ],
          "suites": [
            {
              "uuid": "dd7e89d8-e94f-4bbd-9106-9b0207df85a2",
              "title": "with a checked task",
              "fullFile": "",
              "file": "",
              "beforeHooks": [],
              "afterHooks": [],
              "tests": [
                {
                  "title": "can filter for uncompleted tasks",
                  "fullTitle": "example to-do app with a checked task can filter for uncompleted tasks",
                  "timedOut": null,
                  "duration": 3355,
                  "state": "failed",
                  "speed": null,
                  "pass": false,
                  "fail": true,
                  "pending": false,
                  "context": null,
                  "code": "// We'll click on the \"active\" button in order to\n// display only incomplete items\ncy.contains('Active').click();\n// After filtering, we can assert that there is only the one\n// incomplete item in the list.\ncy.get('.todo-list li').should('have.length', 1).first().should('have.text', 'Walk the dog');\n// For good measure, let's also assert that the task we checked off\n// does not exist on the page.\ncy.contains('Pay electric bill').should('not.exist');",
                  "err": {
                    "message": "AssertionError: Timed out retrying after 3000ms: Too many elements found. Found '2', expected '1'.",
                    "estack": "AssertionError: Timed out retrying after 3000ms: Too many elements found. Found '2', expected '1'.\n    at Context.eval (webpack://cypressautomation/./cypress/e2e/1-getting-started/todo.cy.js:102:9)",
                    "diff": "- 2\n+ 1\n"
                  },
                  "uuid": "51ccc44f-d06e-422b-ade0-7226b08f13af",
                  "parentUUID": "dd7e89d8-e94f-4bbd-9106-9b0207df85a2",
                  "isHook": false,
                  "skipped": false
                },
                {
                  "title": "can filter for completed tasks",
                  "fullTitle": "example to-do app with a checked task can filter for completed tasks",
                  "timedOut": null,
                  "duration": 162,
                  "state": "passed",
                  "speed": "fast",
                  "pass": true,
                  "fail": false,
                  "pending": false,
                  "context": null,
                  "code": "// We can perform similar steps as the test above to ensure\n// that only completed tasks are shown\ncy.contains('Completed').click();\ncy.get('.todo-list li').should('have.length', 1).first().should('have.text', 'Pay electric bill');\ncy.contains('Walk the dog').should('not.exist');",
                  "err": {},
                  "uuid": "1818d529-322f-4eaf-ad4c-00498d996538",
                  "parentUUID": "dd7e89d8-e94f-4bbd-9106-9b0207df85a2",
                  "isHook": false,
                  "skipped": false
                },
                {
                  "title": "can delete all completed tasks",
                  "fullTitle": "example to-do app with a checked task can delete all completed tasks",
                  "timedOut": null,
                  "duration": 3347,
                  "state": "failed",
                  "speed": null,
                  "pass": false,
                  "fail": true,
                  "pending": false,
                  "context": null,
                  "code": "// First, let's click the \"Clear completed\" button\n// `contains` is actually serving two purposes here.\n// First, it's ensuring that the button exists within the dom.\n// This button only appears when at least one task is checked\n// so this command is implicitly verifying that it does exist.\n// Second, it selects the button so we can click it.\ncy.contains('Clear completed').click();\n// Then we can make sure that there is only one element\n// in the list and our element does not exist\ncy.get('.todo-list li').should('have.length', 1).should('not.have.text', 'Pay electric bill');\n// Finally, make sure that the clear button no longer exists.\ncy.contains('Clear completed').should('not.exist');",
                  "err": {
                    "message": "AssertionError: Timed out retrying after 3000ms: Too many elements found. Found '2', expected '1'.",
                    "estack": "AssertionError: Timed out retrying after 3000ms: Too many elements found. Found '2', expected '1'.\n    at Context.eval (webpack://cypressautomation/./cypress/e2e/1-getting-started/todo.cy.js:136:9)",
                    "diff": "- 2\n+ 1\n"
                  },
                  "uuid": "3ccb8543-d594-4005-836e-fe7a67407a12",
                  "parentUUID": "dd7e89d8-e94f-4bbd-9106-9b0207df85a2",
                  "isHook": false,
                  "skipped": false
                }
              ],
              "suites": [],
              "passes": [
                "1818d529-322f-4eaf-ad4c-00498d996538"
              ],
              "failures": [
                "51ccc44f-d06e-422b-ade0-7226b08f13af",
                "3ccb8543-d594-4005-836e-fe7a67407a12"
              ],
              "pending": [],
              "skipped": [],
              "duration": 6864,
              "root": false,
              "rootEmpty": false,
              "_timeout": 2000
            }
          ],
          "passes": [
            "0bc98714-91e4-4f6f-8e16-420cddb631b1",
            "fd32f451-26b8-4a7f-8398-338ffa244dc9",
            "9b29624a-9958-4537-8bf3-07e7d1d22a54"
          ],
          "failures": [],
          "pending": [],
          "skipped": [],
          "duration": 2026,
          "root": false,
          "rootEmpty": false,
          "_timeout": 2000
        }
      ],
      "passes": [],
      "failures": [],
      "pending": [],
      "skipped": [],
      "duration": 0,
      "root": true,
      "rootEmpty": true,
      "_timeout": 2000
    },
    {
      "uuid": "b4333b07-82e4-491b-92df-35a019f33251",
      "title": "",
      "fullFile": "cypress/e2e/udemy_lessons/add-multiple-items-to-basket.cy.js",
      "file": "cypress/e2e/udemy_lessons/add-multiple-items-to-basket.cy.js",
      "beforeHooks": [],
      "afterHooks": [],
      "tests": [],
      "suites": [
        {
          "uuid": "98157cf1-4938-48ad-a152-a6c3827f53df",
          "title": "Add multiple items to basket",
          "fullFile": "",
          "file": "",
          "beforeHooks": [],
          "afterHooks": [],
          "tests": [
            {
              "title": "Add specific items to basket",
              "fullTitle": "Add multiple items to basket Add specific items to basket",
              "timedOut": null,
              "duration": 4354,
              "state": "passed",
              "speed": "fast",
              "pass": true,
              "fail": false,
              "pending": false,
              "context": null,
              "code": "// globalThis.data.productName.forEach(function (element) {\n//   cy.addProductToBasket(element);\n// });\n// cy.get(\".dropdown-toggle > .fa\").click();\nautoStore_HairCare_Po.addHairCareProductsToBasket();",
              "err": {},
              "uuid": "03a706a3-7c93-4d70-858c-a47c03925066",
              "parentUUID": "98157cf1-4938-48ad-a152-a6c3827f53df",
              "isHook": false,
              "skipped": false
            }
          ],
          "suites": [],
          "passes": [
            "03a706a3-7c93-4d70-858c-a47c03925066"
          ],
          "failures": [],
          "pending": [],
          "skipped": [],
          "duration": 4354,
          "root": false,
          "rootEmpty": false,
          "_timeout": 2000
        }
      ],
      "passes": [],
      "failures": [],
      "pending": [],
      "skipped": [],
      "duration": 0,
      "root": true,
      "rootEmpty": true,
      "_timeout": 2000
    },
    {
      "uuid": "c9817176-573f-4bae-b2e9-faf5b38214b0",
      "title": "",
      "fullFile": "cypress/e2e/udemy_lessons/alerts.cy.js",
      "file": "cypress/e2e/udemy_lessons/alerts.cy.js",
      "beforeHooks": [],
      "afterHooks": [],
      "tests": [],
      "suites": [
        {
          "uuid": "e9be5ba9-aaae-48bb-9211-49bc1727e66d",
          "title": "Handle JS alerts",
          "fullFile": "",
          "file": "",
          "beforeHooks": [],
          "afterHooks": [],
          "tests": [
            {
              "title": "Confirm js alerts contains thr correct text",
              "fullTitle": "Handle JS alerts Confirm js alerts contains thr correct text",
              "timedOut": null,
              "duration": 1964,
              "state": "passed",
              "speed": "fast",
              "pass": true,
              "fail": false,
              "pending": false,
              "context": null,
              "code": "cy.visit(\"https://www.webdriveruniversity.com/\");\ncy.get(\"#popup-alerts\").invoke(\"removeAttr\", \"target\").click();\ncy.get(\"#button1\").click();\ncy.on(\"window:alert\", str => {\n  expect(str).to.equal(\"I am an alert box!\");\n});",
              "err": {},
              "uuid": "8b0a7fd5-f7b0-4fcf-98f3-b2e71bb14b59",
              "parentUUID": "e9be5ba9-aaae-48bb-9211-49bc1727e66d",
              "isHook": false,
              "skipped": false
            },
            {
              "title": "Validate js confirm alert box works correctly when clicking ok",
              "fullTitle": "Handle JS alerts Validate js confirm alert box works correctly when clicking ok",
              "timedOut": null,
              "duration": 302,
              "state": "passed",
              "speed": "fast",
              "pass": true,
              "fail": false,
              "pending": false,
              "context": null,
              "code": "cy.visit(\"https://www.webdriveruniversity.com/\");\ncy.get(\"#popup-alerts\").invoke(\"removeAttr\", \"target\").click();\ncy.get(\"#button4\").click();\ncy.on(\"window:confirm\", str => {\n  return true;\n});\ncy.get(\"#confirm-alert-text\").contains(\"You pressed OK!\");",
              "err": {},
              "uuid": "a40fc47a-ab40-4f27-9fa1-e96ad224c787",
              "parentUUID": "e9be5ba9-aaae-48bb-9211-49bc1727e66d",
              "isHook": false,
              "skipped": false
            },
            {
              "title": "Validate js confirm alert box works correctly when clicking cancel",
              "fullTitle": "Handle JS alerts Validate js confirm alert box works correctly when clicking cancel",
              "timedOut": null,
              "duration": 297,
              "state": "passed",
              "speed": "fast",
              "pass": true,
              "fail": false,
              "pending": false,
              "context": null,
              "code": "cy.visit(\"https://www.webdriveruniversity.com/\");\ncy.get(\"#popup-alerts\").invoke(\"removeAttr\", \"target\").click();\ncy.get(\"#button4\").click();\ncy.on(\"window:confirm\", str => {\n  return false;\n});\ncy.get(\"#confirm-alert-text\").contains(\"You pressed Cancel!\");",
              "err": {},
              "uuid": "2340c781-cdd3-4e33-9eee-fb22d78ef49a",
              "parentUUID": "e9be5ba9-aaae-48bb-9211-49bc1727e66d",
              "isHook": false,
              "skipped": false
            },
            {
              "title": "Validate js confirm alert box using a stub",
              "fullTitle": "Handle JS alerts Validate js confirm alert box using a stub",
              "timedOut": null,
              "duration": 302,
              "state": "passed",
              "speed": "fast",
              "pass": true,
              "fail": false,
              "pending": false,
              "context": null,
              "code": "cy.visit(\"https://www.webdriveruniversity.com/\");\ncy.get(\"#popup-alerts\").invoke(\"removeAttr\", \"target\").click();\nconst stub = cy.stub();\ncy.on(\"window:confirm\", stub);\ncy.get(\"#button4\").click().then(() => {\n  expect(stub.getCall(0)).to.be.calledWith(\"Press a button!\");\n}).then(() => {\n  return true;\n}).then(() => {\n  cy.get(\"#confirm-alert-text\").contains(\"You pressed OK!\");\n});",
              "err": {},
              "uuid": "6110e429-69a2-4bce-a967-a83de0024df6",
              "parentUUID": "e9be5ba9-aaae-48bb-9211-49bc1727e66d",
              "isHook": false,
              "skipped": false
            }
          ],
          "suites": [],
          "passes": [
            "8b0a7fd5-f7b0-4fcf-98f3-b2e71bb14b59",
            "a40fc47a-ab40-4f27-9fa1-e96ad224c787",
            "2340c781-cdd3-4e33-9eee-fb22d78ef49a",
            "6110e429-69a2-4bce-a967-a83de0024df6"
          ],
          "failures": [],
          "pending": [],
          "skipped": [],
          "duration": 2865,
          "root": false,
          "rootEmpty": false,
          "_timeout": 2000
        }
      ],
      "passes": [],
      "failures": [],
      "pending": [],
      "skipped": [],
      "duration": 0,
      "root": true,
      "rootEmpty": true,
      "_timeout": 2000
    },
    {
      "uuid": "8b34c707-e31c-4cf8-8e7a-6a1b5acb51a7",
      "title": "",
      "fullFile": "cypress/e2e/udemy_lessons/alisas-and-invoke.cy.js",
      "file": "cypress/e2e/udemy_lessons/alisas-and-invoke.cy.js",
      "beforeHooks": [],
      "afterHooks": [],
      "tests": [],
      "suites": [
        {
          "uuid": "5b367dda-7b96-4bd0-850c-0e26c8c792e9",
          "title": "alias and invoke",
          "fullFile": "",
          "file": "",
          "beforeHooks": [],
          "afterHooks": [],
          "tests": [
            {
              "title": "validate numbers of product and cart text",
              "fullTitle": "alias and invoke validate numbers of product and cart text",
              "timedOut": null,
              "duration": 1902,
              "state": "passed",
              "speed": "fast",
              "pass": true,
              "fail": false,
              "pending": false,
              "context": null,
              "code": "cy.visit(\"https://www.automationteststore.com/\");\ncy.get(\".thumbnail\").as(\"lengthOfProduct\");",
              "err": {},
              "uuid": "dc91b372-a339-4703-b51c-9a34772392df",
              "parentUUID": "5b367dda-7b96-4bd0-850c-0e26c8c792e9",
              "isHook": false,
              "skipped": false
            }
          ],
          "suites": [],
          "passes": [
            "dc91b372-a339-4703-b51c-9a34772392df"
          ],
          "failures": [],
          "pending": [],
          "skipped": [],
          "duration": 1902,
          "root": false,
          "rootEmpty": false,
          "_timeout": 2000
        }
      ],
      "passes": [],
      "failures": [],
      "pending": [],
      "skipped": [],
      "duration": 0,
      "root": true,
      "rootEmpty": true,
      "_timeout": 2000
    },
    {
      "uuid": "0627de28-e271-47b3-9f88-fd9ba28e7829",
      "title": "",
      "fullFile": "cypress/e2e/udemy_lessons/autocomplete.cy.js",
      "file": "cypress/e2e/udemy_lessons/autocomplete.cy.js",
      "beforeHooks": [],
      "afterHooks": [],
      "tests": [],
      "suites": [
        {
          "uuid": "c12559ef-e928-412e-9c90-e4eb66c83940",
          "title": "Verify autocomplete dropdown lists via webdriveruni",
          "fullFile": "",
          "file": "",
          "beforeHooks": [],
          "afterHooks": [],
          "tests": [
            {
              "title": "Select specific product via autocomplete list",
              "fullTitle": "Verify autocomplete dropdown lists via webdriveruni Select specific product via autocomplete list",
              "timedOut": null,
              "duration": 1703,
              "state": "passed",
              "speed": "fast",
              "pass": true,
              "fail": false,
              "pending": false,
              "context": null,
              "code": "cy.visit(\"https://www.webdriveruniversity.com/\");\ncy.get(\"#autocomplete-textfield\").invoke(\"removeAttr\", \"target\").click();\ncy.get(\"#myInput\").as(\"textBox\");\ncy.get(\"@textBox\").type(\"A\");\ncy.get(\"#myInputautocomplete-list > *\").each(($el, index, $list) => {\n  const prod = $el.text();\n  const productToSelect = \"Avacado\";\n  if (prod === productToSelect) {\n    $el.click();\n    cy.get(\"#submit-button\").click();\n    cy.url().should(\"include\", productToSelect);\n  }\n}).then(() => {\n  cy.get(\"#myInput\").as(\"textBox\");\n  cy.get(\"@textBox\").type(\"G\");\n  cy.get(\"#myInputautocomplete-list > *\").each(($el, index, $list) => {\n    const prod = $el.text();\n    const productToSelect = \"Grapes\";\n    if (prod === productToSelect) {\n      // $el.click(); deprecated\n      $el.click();\n      cy.get(\"#submit-button\").click();\n      cy.url().should(\"include\", productToSelect);\n    }\n  });\n  // cy.get(\"#myInput\")\n  //   .type(\"Ginger\")\n  //   .then(() => {\n  //     cy.get('[value=\"Ginger\"]').click({ force: true });\n  //     cy.get(\"#submit-button\").click();\n  //     cy.url().should(\"contains\", \"Ginger\");\n  //   });\n});\nit(\"Select specific product via autocomplete list\", () => {\n  cy.visit(\"https://www.webdriveruniversity.com/\");\n  cy.get(\"#autocomplete-textfield\").invoke(\"removeAttr\", \"target\").click();\n  cy.get(\"#myInput\").type(\"G\");\n  cy.get(\"#myInputautocomplete-list\").each(($el, index, $list) => {\n    const prodList = $el.text();\n    const product = \"Grapes\";\n    if (prodList === product) {\n      $el.trigger().click();\n      cy.get(\"@submit-button\").click();\n      cy.url().should(\"include\", product);\n    }\n  });\n});",
              "err": {},
              "uuid": "e6cfa1f9-715d-4f3b-b31f-e7cd67664f42",
              "parentUUID": "c12559ef-e928-412e-9c90-e4eb66c83940",
              "isHook": false,
              "skipped": false
            }
          ],
          "suites": [],
          "passes": [
            "e6cfa1f9-715d-4f3b-b31f-e7cd67664f42"
          ],
          "failures": [],
          "pending": [],
          "skipped": [],
          "duration": 1703,
          "root": false,
          "rootEmpty": false,
          "_timeout": 2000
        }
      ],
      "passes": [],
      "failures": [],
      "pending": [],
      "skipped": [],
      "duration": 0,
      "root": true,
      "rootEmpty": true,
      "_timeout": 2000
    },
    {
      "uuid": "f060042e-aeb5-4095-a3ca-bb1565af444e",
      "title": "",
      "fullFile": "cypress/e2e/udemy_lessons/browser-navigation.cy.js",
      "file": "cypress/e2e/udemy_lessons/browser-navigation.cy.js",
      "beforeHooks": [],
      "afterHooks": [],
      "tests": [],
      "suites": [
        {
          "uuid": "4756925c-9bf0-4a33-9003-e7563fef8942",
          "title": "validate webdriver homepage links",
          "fullFile": "",
          "file": "",
          "beforeHooks": [],
          "afterHooks": [],
          "tests": [
            {
              "title": "Confirm links redirect to the correct pages",
              "fullTitle": "validate webdriver homepage links Confirm links redirect to the correct pages",
              "timedOut": null,
              "duration": 2618,
              "state": "passed",
              "speed": "fast",
              "pass": true,
              "fail": false,
              "pending": false,
              "context": null,
              "code": "cy.visit(\"https://www.webdriveruniversity.com/\");\ncy.get(\"#contact-us\").invoke(\"removeAttr\", \"target\").click({\n  force: true\n});\ncy.url().should(\"include\", \"contactus\");\ncy.go(\"back\");\ncy.reload();\ncy.url().should(\"include\", \"https://www.webdriveruniversity.com/\");\n//cy.reload(true) // reload without using cache\ncy.go(\"forward\");\ncy.url().should(\"include\", \"contactus\");\ncy.go(\"back\");\ncy.get(\"#login-portal\").invoke(\"removeAttr\", \"target\").click({\n  force: true\n});\ncy.url().should(\"include\", \"Login-Portal\");\ncy.go(\"back\");\ncy.get(\"#to-do-list\").invoke(\"removeAttr\", \"target\").click({\n  force: true\n});\ncy.url().should(\"include\", \"To-Do-Lis\");\ncy.go(\"back\");",
              "err": {},
              "uuid": "4a6607a5-18d2-4d75-9de6-c82a311296dd",
              "parentUUID": "4756925c-9bf0-4a33-9003-e7563fef8942",
              "isHook": false,
              "skipped": false
            }
          ],
          "suites": [],
          "passes": [
            "4a6607a5-18d2-4d75-9de6-c82a311296dd"
          ],
          "failures": [],
          "pending": [],
          "skipped": [],
          "duration": 2618,
          "root": false,
          "rootEmpty": false,
          "_timeout": 2000
        }
      ],
      "passes": [],
      "failures": [],
      "pending": [],
      "skipped": [],
      "duration": 0,
      "root": true,
      "rootEmpty": true,
      "_timeout": 2000
    },
    {
      "uuid": "0a19fe6c-f4cf-4bdd-a95c-180edda173ee",
      "title": "",
      "fullFile": "cypress/e2e/udemy_lessons/checkbox-radioButtons.cy.js",
      "file": "cypress/e2e/udemy_lessons/checkbox-radioButtons.cy.js",
      "beforeHooks": [],
      "afterHooks": [],
      "tests": [],
      "suites": [
        {
          "uuid": "67f2e916-7c45-471e-a3f4-18f084d7b44d",
          "title": "Verify checkboxes viw webdriveruni",
          "fullFile": "",
          "file": "",
          "beforeHooks": [],
          "afterHooks": [],
          "tests": [
            {
              "title": "check and validate cheeckboxes",
              "fullTitle": "Verify checkboxes viw webdriveruni check and validate cheeckboxes",
              "timedOut": null,
              "duration": 1791,
              "state": "passed",
              "speed": "fast",
              "pass": true,
              "fail": false,
              "pending": false,
              "context": null,
              "code": "// cy.get(\"#checkboxes > :nth-child(1) > input\").check();\n// cy.get(\"#checkboxes > :nth-child(1) > input\").check().should(\"be.checked\");  //should(\"not.be.checked\")\ncy.get(\"#checkboxes > :nth-child(1) > input\").as(\"option-1\");\ncy.get(\"@option-1\").check();\ncy.get(\"@option-1\").should(\"be.checked\");",
              "err": {},
              "uuid": "ea1def34-27c3-43bd-b3ef-72f0e489c31a",
              "parentUUID": "67f2e916-7c45-471e-a3f4-18f084d7b44d",
              "isHook": false,
              "skipped": false
            },
            {
              "title": "uncheck and validate cheeckbox",
              "fullTitle": "Verify checkboxes viw webdriveruni uncheck and validate cheeckbox",
              "timedOut": null,
              "duration": 305,
              "state": "passed",
              "speed": "fast",
              "pass": true,
              "fail": false,
              "pending": false,
              "context": null,
              "code": "cy.get(\":nth-child(5) > input\").as(\"option-3\");\ncy.get(\"@option-3\").uncheck().should(\"not.be.checked\");\n//cy.get(\"@option-3\").should(\"not.be.checked\");",
              "err": {},
              "uuid": "e6026844-8a06-4aa2-b594-f95d1ff1a86f",
              "parentUUID": "67f2e916-7c45-471e-a3f4-18f084d7b44d",
              "isHook": false,
              "skipped": false
            },
            {
              "title": "check multiple cheeckboxes",
              "fullTitle": "Verify checkboxes viw webdriveruni check multiple cheeckboxes",
              "timedOut": null,
              "duration": 447,
              "state": "passed",
              "speed": "fast",
              "pass": true,
              "fail": false,
              "pending": false,
              "context": null,
              "code": "cy.get(\"[type=checkbox]\").check([\"option-1\", \"option-2\", \"option-3\", \"option-4\"]).should(\"be.checked\");",
              "err": {},
              "uuid": "f64fe9ca-0452-4338-a9a1-8e6bb1bf5919",
              "parentUUID": "67f2e916-7c45-471e-a3f4-18f084d7b44d",
              "isHook": false,
              "skipped": false
            },
            {
              "title": "Validate radio buttons",
              "fullTitle": "Verify checkboxes viw webdriveruni Validate radio buttons",
              "timedOut": null,
              "duration": 405,
              "state": "passed",
              "speed": "fast",
              "pass": true,
              "fail": false,
              "pending": false,
              "context": null,
              "code": "//cy.get(\"[value=green]\").check();\ncy.get(\"#radio-buttons\").find(\"[type='radio']\").first().check();\ncy.get(\"#radio-buttons\").find(\"[type='radio']\").eq(1).check();",
              "err": {},
              "uuid": "64695a6d-0137-4ab6-9e97-80e664d690af",
              "parentUUID": "67f2e916-7c45-471e-a3f4-18f084d7b44d",
              "isHook": false,
              "skipped": false
            },
            {
              "title": "Validate the states of specific button",
              "fullTitle": "Verify checkboxes viw webdriveruni Validate the states of specific button",
              "timedOut": null,
              "duration": 300,
              "state": "passed",
              "speed": "fast",
              "pass": true,
              "fail": false,
              "pending": false,
              "context": null,
              "code": "cy.get(\"[value='lettuce']\").should(\"not.be.checked\");\ncy.get(\"[value='pumpkin']\").should(\"be.checked\");\ncy.get(\"[value='lettuce']\").check().should(\"be.checked\");\ncy.get(\"[value='cabbage']\").should(\"be.disabled\");",
              "err": {},
              "uuid": "d5608463-b9d5-4539-91b8-7d3f988ec312",
              "parentUUID": "67f2e916-7c45-471e-a3f4-18f084d7b44d",
              "isHook": false,
              "skipped": false
            }
          ],
          "suites": [],
          "passes": [
            "ea1def34-27c3-43bd-b3ef-72f0e489c31a",
            "e6026844-8a06-4aa2-b594-f95d1ff1a86f",
            "f64fe9ca-0452-4338-a9a1-8e6bb1bf5919",
            "64695a6d-0137-4ab6-9e97-80e664d690af",
            "d5608463-b9d5-4539-91b8-7d3f988ec312"
          ],
          "failures": [],
          "pending": [],
          "skipped": [],
          "duration": 3248,
          "root": false,
          "rootEmpty": false,
          "_timeout": 2000
        }
      ],
      "passes": [],
      "failures": [],
      "pending": [],
      "skipped": [],
      "duration": 0,
      "root": true,
      "rootEmpty": true,
      "_timeout": 2000
    },
    {
      "uuid": "103ce491-3db4-446b-9c6f-c710ff1f0dea",
      "title": "",
      "fullFile": "cypress/e2e/udemy_lessons/contact-us.cy.js",
      "file": "cypress/e2e/udemy_lessons/contact-us.cy.js",
      "beforeHooks": [],
      "afterHooks": [],
      "tests": [],
      "suites": [
        {
          "uuid": "4e60444d-e249-4a53-b8df-874eec8d8aeb",
          "title": "Test Contact Us Form via webdriveruni",
          "fullFile": "",
          "file": "",
          "beforeHooks": [],
          "afterHooks": [],
          "tests": [
            {
              "title": "Should be able to submit a successful submission via contact us form",
              "fullTitle": "Test Contact Us Form via webdriveruni Should be able to submit a successful submission via contact us form",
              "timedOut": null,
              "duration": 3169,
              "state": "passed",
              "speed": "fast",
              "pass": true,
              "fail": false,
              "pending": false,
              "context": null,
              "code": "cy.document().should(\"have.property\", \"charset\").and(\"eq\", \"UTF-8\");\ncy.title().should(\"include\", \"WebDriver | Contact Us\");\ncy.url().should(\"include\", \"contactus\");\n// cy.get('[name=\"first_name\"]').type(data.first_name);\n// cy.get('[name=\"last_name\"]').type(data.last_name);\n// cy.get('[name=\"email\"]').type(data.email);\n// cy.get(\"textarea.feedback-input\").type(\"How can I learn Cypress\");\n// cy.get('[type=\"submit\"]').click();\n// cy.get(\"h1\").should(\"have.text\", \"Thank You for your Message!\");\n// cy.get(\"#contact_reply>h1\").should(\n//   \"have.text\",\n//   \"Thank You for your Message!\"\n// );\n// cy.webdriverUni_ContactForm_Submission(\n//   Cypress.env(\"first_name\"),\n//   data.last_name,\n//   data.email,\n//   \"How can I learn Cypress\",\n//   \"h1\",\n//   \"Thank You for your Message!\"\n// );\n//const contact_Us_PO = new Contact_Us_PO();\ncontact_Us_PO.contactForm_Submission(Cypress.env(\"first_name\"), data.last_name, data.email, \"How can I learn Cypress\", \"h1\", \"Thank You for your Message!\");",
              "err": {},
              "uuid": "0ad5b523-0911-401a-92c9-d01a80f9cfb2",
              "parentUUID": "4e60444d-e249-4a53-b8df-874eec8d8aeb",
              "isHook": false,
              "skipped": false
            },
            {
              "title": "Should not be able to submit a successful submission via contact us form as all fields are required",
              "fullTitle": "Test Contact Us Form via webdriveruni Should not be able to submit a successful submission via contact us form as all fields are required",
              "timedOut": null,
              "duration": 1883,
              "state": "passed",
              "speed": "fast",
              "pass": true,
              "fail": false,
              "pending": false,
              "context": null,
              "code": "// cy.get('[name=\"first_name\"]').type(\"Tom\");\n// cy.get('[name=\"last_name\"]').type(\"blogs\");\n// cy.get(\"textarea.feedback-input\").type(\"How can I learn Cypress\");\n// cy.get('[type=\"submit\"]').click();\n// cy.get(\"body\").contains(\"Error: all fields are required\");\n//const contact_Us_PO = new Contact_Us_PO();\ncontact_Us_PO.contactForm_Submission(data.first_name, data.last_name, \" \", \"How can I learn Cypress\", \"body\", \"Error: Invalid email address\");\n// cy.webdriverUni_ContactForm_Submission(\n//   data.first_name,\n//   data.last_name,\n//   \" \",\n//   \"How can I learn Cypress\",\n//   \"body\",\n//   \"Error: Invalid email address\"\n// );",
              "err": {},
              "uuid": "c32ba079-000e-4cf6-a653-f0cb9a6b90cc",
              "parentUUID": "4e60444d-e249-4a53-b8df-874eec8d8aeb",
              "isHook": false,
              "skipped": false
            }
          ],
          "suites": [],
          "passes": [
            "0ad5b523-0911-401a-92c9-d01a80f9cfb2",
            "c32ba079-000e-4cf6-a653-f0cb9a6b90cc"
          ],
          "failures": [],
          "pending": [],
          "skipped": [],
          "duration": 5052,
          "root": false,
          "rootEmpty": false,
          "_timeout": 2000
        }
      ],
      "passes": [],
      "failures": [],
      "pending": [],
      "skipped": [],
      "duration": 0,
      "root": true,
      "rootEmpty": true,
      "_timeout": 2000
    },
    {
      "uuid": "8454984d-1a5e-4c44-bbee-34f37536d4fa",
      "title": "",
      "fullFile": "cypress/e2e/udemy_lessons/contactForm.cy.js",
      "file": "cypress/e2e/udemy_lessons/contactForm.cy.js",
      "beforeHooks": [],
      "afterHooks": [],
      "tests": [],
      "suites": [
        {
          "uuid": "33569f6c-fe0b-465f-b80d-a80b486cba5a",
          "title": "Contact form",
          "fullFile": "",
          "file": "",
          "beforeHooks": [],
          "afterHooks": [],
          "tests": [
            {
              "title": "submit form",
              "fullTitle": "Contact form submit form",
              "timedOut": null,
              "duration": 5108,
              "state": "passed",
              "speed": "medium",
              "pass": true,
              "fail": false,
              "pending": false,
              "context": null,
              "code": "cy.visit(\"https://www.automationteststore.com/\");\ncy.get(\"a[href$='contact']\") //$ means ends with in CSS locator ^ starts with and * contains\n.click().then(function (linkText) {\n  cy.log(\"clicked on link using text: \" + linkText.text());\n});\ncy.get(\"@user\").then(user => {\n  //cy.get(\"#ContactUsFrm_first_name\").type(user.first_name);\n  cy.xpath(\"//input[@name = 'first_name']\").type(user.first_name);\n  cy.get(\"#ContactUsFrm_email\").type(user.email);\n});\ncy.get(\"#ContactUsFrm_email\").should(\"have.attr\", \"name\", \"email\");\ncy.get(\"#ContactUsFrm_enquiry\").type(\"Do you provide...\");\ncy.get(\"button[title='Submit']\").click();\ncy.get(\".mb40 > :nth-child(3)\").should(\"have.text\", \"Your enquiry has been successfully sent to the store owner!\");",
              "err": {},
              "uuid": "40f1dc7e-53dd-4034-aa1a-08607b397030",
              "parentUUID": "33569f6c-fe0b-465f-b80d-a80b486cba5a",
              "isHook": false,
              "skipped": false
            }
          ],
          "suites": [],
          "passes": [
            "40f1dc7e-53dd-4034-aa1a-08607b397030"
          ],
          "failures": [],
          "pending": [],
          "skipped": [],
          "duration": 5108,
          "root": false,
          "rootEmpty": false,
          "_timeout": 2000
        }
      ],
      "passes": [],
      "failures": [],
      "pending": [],
      "skipped": [],
      "duration": 0,
      "root": true,
      "rootEmpty": true,
      "_timeout": 2000
    },
    {
      "uuid": "056d0085-2c6c-469d-97ee-2c7ed5e996b0",
      "title": "",
      "fullFile": "cypress/e2e/udemy_lessons/data-tables.cy.js",
      "file": "cypress/e2e/udemy_lessons/data-tables.cy.js",
      "beforeHooks": [],
      "afterHooks": [],
      "tests": [],
      "suites": [
        {
          "uuid": "a0d9d9da-4063-4c61-a8bc-f0e3241f7e39",
          "title": "Handling data via webdriveruni",
          "fullFile": "",
          "file": "",
          "beforeHooks": [],
          "afterHooks": [],
          "tests": [
            {
              "title": "Calculate and assert the total age of all users",
              "fullTitle": "Handling data via webdriveruni Calculate and assert the total age of all users",
              "timedOut": null,
              "duration": 1126,
              "state": "passed",
              "speed": "fast",
              "pass": true,
              "fail": false,
              "pending": false,
              "context": null,
              "code": "let userDetails = [];\nlet numb = 0;\ncy.get(\"#thumbnail-1 td\").each(($el, index, $list) => {\n  userDetails[index] = $el.text();\n}).then(() => {\n  let i;\n  for (i = 0; i < userDetails.length; i++) {\n    if (Number(userDetails[i])) {\n      numb += Number(userDetails[i]);\n    }\n    //cy.log(userDetails[i]);\n  }\n  cy.log(\"Total age : \" + numb);\n  expect(numb).to.eq(322);\n});",
              "err": {},
              "uuid": "a0f93d26-6d09-4f35-a341-9bf0b4c42bd3",
              "parentUUID": "a0d9d9da-4063-4c61-a8bc-f0e3241f7e39",
              "isHook": false,
              "skipped": false
            },
            {
              "title": "Calculate and assert the age of a given user based on last name",
              "fullTitle": "Handling data via webdriveruni Calculate and assert the age of a given user based on last name",
              "timedOut": null,
              "duration": 212,
              "state": "passed",
              "speed": "fast",
              "pass": true,
              "fail": false,
              "pending": false,
              "context": null,
              "code": "cy.get(\"#thumbnail-1 tr td:nth-child(2)\").each(($el, index, $list) => {\n  const text = $el.text();\n  if (text.includes(\"Woods\")) {\n    cy.get(\"#thumbnail-1 tr td:nth-child(2)\").eq(index).next().then(function (age) {\n      const userAge = age.text();\n      expect(userAge).to.equal(\"80\");\n    });\n  }\n});",
              "err": {},
              "uuid": "a4e5f0ba-e8e8-4745-b9cb-3037bfa4d753",
              "parentUUID": "a0d9d9da-4063-4c61-a8bc-f0e3241f7e39",
              "isHook": false,
              "skipped": false
            },
            {
              "title": "Find the age for given name",
              "fullTitle": "Handling data via webdriveruni Find the age for given name",
              "timedOut": null,
              "duration": 208,
              "state": "passed",
              "speed": "fast",
              "pass": true,
              "fail": false,
              "pending": false,
              "context": null,
              "code": "cy.get(\"#thumbnail-1 tr td:nth-child(2)\").each(($el, index, $list) => {\n  const lastName = $el.text();\n  if (lastName.includes(\"Smith\")) {\n    cy.get(\"#thumbnail-1 tr td:nth-child(2)\").eq(index).next().then(function (age) {\n      const userAge = age.text();\n      expect(userAge).to.equal(\"45\");\n    });\n  }\n});",
              "err": {},
              "uuid": "e56d1744-e295-46f2-a208-731f36c6bbad",
              "parentUUID": "a0d9d9da-4063-4c61-a8bc-f0e3241f7e39",
              "isHook": false,
              "skipped": false
            }
          ],
          "suites": [],
          "passes": [
            "a0f93d26-6d09-4f35-a341-9bf0b4c42bd3",
            "a4e5f0ba-e8e8-4745-b9cb-3037bfa4d753",
            "e56d1744-e295-46f2-a208-731f36c6bbad"
          ],
          "failures": [],
          "pending": [],
          "skipped": [],
          "duration": 1546,
          "root": false,
          "rootEmpty": false,
          "_timeout": 2000
        }
      ],
      "passes": [],
      "failures": [],
      "pending": [],
      "skipped": [],
      "duration": 0,
      "root": true,
      "rootEmpty": true,
      "_timeout": 2000
    },
    {
      "uuid": "a8ee2192-846e-4ce8-9d6a-c979d7ca8010",
      "title": "",
      "fullFile": "cypress/e2e/udemy_lessons/date-picker.cy.js",
      "file": "cypress/e2e/udemy_lessons/date-picker.cy.js",
      "beforeHooks": [],
      "afterHooks": [],
      "tests": [],
      "suites": [
        {
          "uuid": "db91faab-f26a-4938-94a5-4015f08f4c66",
          "title": "Test Datepicker via webdriveruni",
          "fullFile": "",
          "file": "",
          "beforeHooks": [],
          "afterHooks": [],
          "tests": [
            {
              "title": "Select date from the datepicker",
              "fullTitle": "Test Datepicker via webdriveruni Select date from the datepicker",
              "timedOut": null,
              "duration": 1136,
              "state": "passed",
              "speed": "fast",
              "pass": true,
              "fail": false,
              "pending": false,
              "context": null,
              "code": "cy.visit(\"http://webdriveruniversity.com/\");\ncy.get(\"#datepicker\").invoke(\"removeAttr\", \"target\").click({\n  force: true\n});\ncy.get(\"#datepicker\").click();\n// let date = new Date();\n// date.setDate(date.getDate()); //get current date i.e.\n// cy.log(date.getDate());\n// let date2 = new Date();\n// date2.setDate(date.getDate() + 5); //get current date+5 days i.e.\n// cy.log(date2.getDate());\nlet date = new Date();\ndate.setDate(date.getDate() + 8);\nlet futureYear = date.getFullYear();\nlet futureMonth = date.toLocaleDateString(\"default\", {\n  month: \"long\"\n});\nlet futureDay = date.getDate();\ncy.log(\"Future year to select: \" + futureYear);\ncy.log(\"Future year to select: \" + futureMonth);\ncy.log(\"Future year to select: \" + futureDay);\nfunction selectMonthAndYear() {\n  cy.get(\".datepicker-dropdown\").find(\".datepicker-switch\").first().then(currentDate => {\n    if (!currentDate.text().includes(futureYear)) {\n      cy.get(\".next\").first().click();\n      selectMonthAndYear();\n    }\n  }).then(() => {\n    cy.get(\".datepicker-dropdown\").find(\".datepicker-switch\").first().then(currentDate => {\n      if (!currentDate.text().includes(futureMonth)) {\n        cy.get(\".next\").first().click();\n        selectMonthAndYear();\n      }\n    });\n  });\n}\nfunction selectFutureDay() {\n  cy.get('[class = \"day\"]').contains(futureDay).click();\n}\nselectMonthAndYear();\nselectFutureDay();",
              "err": {},
              "uuid": "8b6ce1c8-0583-432d-9e35-5d9db3987f31",
              "parentUUID": "db91faab-f26a-4938-94a5-4015f08f4c66",
              "isHook": false,
              "skipped": false
            }
          ],
          "suites": [],
          "passes": [
            "8b6ce1c8-0583-432d-9e35-5d9db3987f31"
          ],
          "failures": [],
          "pending": [],
          "skipped": [],
          "duration": 1136,
          "root": false,
          "rootEmpty": false,
          "_timeout": 2000
        }
      ],
      "passes": [],
      "failures": [],
      "pending": [],
      "skipped": [],
      "duration": 0,
      "root": true,
      "rootEmpty": true,
      "_timeout": 2000
    },
    {
      "uuid": "70684ef1-35ca-4c63-8dd4-3b1d0af1b3bb",
      "title": "",
      "fullFile": "cypress/e2e/udemy_lessons/hooks.cy.js",
      "file": "cypress/e2e/udemy_lessons/hooks.cy.js",
      "beforeHooks": [],
      "afterHooks": [],
      "tests": [],
      "suites": [
        {
          "uuid": "51847eeb-ee94-45fe-bd87-9153a05de845",
          "title": "Hooks",
          "fullFile": "",
          "file": "",
          "beforeHooks": [],
          "afterHooks": [],
          "tests": [
            {
              "title": "Example test1",
              "fullTitle": "Hooks Example test1",
              "timedOut": null,
              "duration": 9,
              "state": "passed",
              "speed": "fast",
              "pass": true,
              "fail": false,
              "pending": false,
              "context": null,
              "code": "cy.log(\"Example test1!\");",
              "err": {},
              "uuid": "fa7c21af-9011-48d4-bb82-3ec7125204a9",
              "parentUUID": "51847eeb-ee94-45fe-bd87-9153a05de845",
              "isHook": false,
              "skipped": false
            },
            {
              "title": "Example test2",
              "fullTitle": "Hooks Example test2",
              "timedOut": null,
              "duration": 4,
              "state": "passed",
              "speed": "fast",
              "pass": true,
              "fail": false,
              "pending": false,
              "context": null,
              "code": "cy.log(\"Example test2!\");",
              "err": {},
              "uuid": "bbd09b1c-5bee-4090-a34d-8757db24fa8b",
              "parentUUID": "51847eeb-ee94-45fe-bd87-9153a05de845",
              "isHook": false,
              "skipped": false
            }
          ],
          "suites": [],
          "passes": [
            "fa7c21af-9011-48d4-bb82-3ec7125204a9",
            "bbd09b1c-5bee-4090-a34d-8757db24fa8b"
          ],
          "failures": [],
          "pending": [],
          "skipped": [],
          "duration": 13,
          "root": false,
          "rootEmpty": false,
          "_timeout": 2000
        }
      ],
      "passes": [],
      "failures": [],
      "pending": [],
      "skipped": [],
      "duration": 0,
      "root": true,
      "rootEmpty": true,
      "_timeout": 2000
    },
    {
      "uuid": "e47ba3b7-80bb-47cd-ac9d-d19ff61e71d5",
      "title": "",
      "fullFile": "cypress/e2e/udemy_lessons/iframe.cy.js",
      "file": "cypress/e2e/udemy_lessons/iframe.cy.js",
      "beforeHooks": [],
      "afterHooks": [],
      "tests": [],
      "suites": [
        {
          "uuid": "a9507ec0-5a1c-48a8-b3d0-87178f89c98a",
          "title": "Handling Iframe & Modals",
          "fullFile": "",
          "file": "",
          "beforeHooks": [],
          "afterHooks": [],
          "tests": [
            {
              "title": "Handle webdriveruni iframe and modal",
              "fullTitle": "Handling Iframe & Modals Handle webdriveruni iframe and modal",
              "timedOut": null,
              "duration": 1771,
              "state": "passed",
              "speed": "fast",
              "pass": true,
              "fail": false,
              "pending": false,
              "context": null,
              "code": "cy.visit(\"https://www.webdriveruniversity.com/\");\ncy.get(\"#iframe\").invoke(\"removeAttr\", \"target\").click({\n  force: true\n});\ncy.get(\"#frame\").then($iframe => {\n  const body = $iframe.contents().find(\"body\");\n  cy.wrap(body).as(\"iframe\");\n});\ncy.get(\"@iframe\").find(\"#button-find-out-more\").click();\ncy.get(\"@iframe\").find(\"#myModal\").as(\"modal\");\ncy.get(\"@modal\").should($expectedText => {\n  const text = $expectedText.text();\n  expect(text).to.include(\"goods\");\n});\ncy.get(\"@modal\").contains(\"Close\").click();",
              "err": {},
              "uuid": "52aea063-6b0d-4561-9d5d-117d4b8fbf1c",
              "parentUUID": "a9507ec0-5a1c-48a8-b3d0-87178f89c98a",
              "isHook": false,
              "skipped": false
            }
          ],
          "suites": [],
          "passes": [
            "52aea063-6b0d-4561-9d5d-117d4b8fbf1c"
          ],
          "failures": [],
          "pending": [],
          "skipped": [],
          "duration": 1771,
          "root": false,
          "rootEmpty": false,
          "_timeout": 2000
        }
      ],
      "passes": [],
      "failures": [],
      "pending": [],
      "skipped": [],
      "duration": 0,
      "root": true,
      "rootEmpty": true,
      "_timeout": 2000
    },
    {
      "uuid": "6a1fb14a-b191-44b0-9546-92382bf4ece8",
      "title": "",
      "fullFile": "cypress/e2e/udemy_lessons/inspect.cy.js",
      "file": "cypress/e2e/udemy_lessons/inspect.cy.js",
      "beforeHooks": [],
      "afterHooks": [],
      "tests": [],
      "suites": [
        {
          "uuid": "21a5efcc-4828-4cb7-a03b-26780902752b",
          "title": "Inspect Automation Test Store items using chain of commans",
          "fullFile": "",
          "file": "",
          "beforeHooks": [],
          "afterHooks": [],
          "tests": [
            {
              "title": "Click on the first item using index",
              "fullTitle": "Inspect Automation Test Store items using chain of commans Click on the first item using index",
              "timedOut": null,
              "duration": 3323,
              "state": "passed",
              "speed": "fast",
              "pass": true,
              "fail": false,
              "pending": false,
              "context": null,
              "code": "cy.visit(\"https://www.automationteststore.com\");\ncy.get(\".fixed_wrapper\").find(\".prdocutname\").eq(0).click();",
              "err": {},
              "uuid": "97f9f82f-0028-41af-bd1e-a0961814a8a5",
              "parentUUID": "21a5efcc-4828-4cb7-a03b-26780902752b",
              "isHook": false,
              "skipped": false
            }
          ],
          "suites": [],
          "passes": [
            "97f9f82f-0028-41af-bd1e-a0961814a8a5"
          ],
          "failures": [],
          "pending": [],
          "skipped": [],
          "duration": 3323,
          "root": false,
          "rootEmpty": false,
          "_timeout": 2000
        }
      ],
      "passes": [],
      "failures": [],
      "pending": [],
      "skipped": [],
      "duration": 0,
      "root": true,
      "rootEmpty": true,
      "_timeout": 2000
    },
    {
      "uuid": "382bb25e-2f7f-4ddd-858a-8211cdcff06d",
      "title": "",
      "fullFile": "cypress/e2e/udemy_lessons/iterate-over-elements.cy.js",
      "file": "cypress/e2e/udemy_lessons/iterate-over-elements.cy.js",
      "beforeHooks": [],
      "afterHooks": [],
      "tests": [],
      "suites": [
        {
          "uuid": "8e1c4220-f563-465b-8115-00ac1ffafcbd",
          "title": "Iterate over elements",
          "fullFile": "",
          "file": "",
          "beforeHooks": [],
          "afterHooks": [],
          "tests": [
            {
              "title": "Log information of all hair care products",
              "fullTitle": "Iterate over elements Log information of all hair care products",
              "timedOut": null,
              "duration": 2901,
              "state": "passed",
              "speed": "fast",
              "pass": true,
              "fail": false,
              "pending": false,
              "context": null,
              "code": "cy.get(\".fixed_wrapper .prdocutname\").each(($el, index, $list) => {\n  cy.log(\"Index: \" + index + \" + \" + $el.text());\n});",
              "err": {},
              "uuid": "69499a7d-8163-4af0-ba49-b065edc0dd37",
              "parentUUID": "8e1c4220-f563-465b-8115-00ac1ffafcbd",
              "isHook": false,
              "skipped": false
            },
            {
              "title": "Add specific product to basket",
              "fullTitle": "Iterate over elements Add specific product to basket",
              "timedOut": null,
              "duration": 2813,
              "state": "passed",
              "speed": "fast",
              "pass": true,
              "fail": false,
              "pending": false,
              "context": null,
              "code": "cy.selectProduct(\"Curls to straight Shampoo\");",
              "err": {},
              "uuid": "7edc789e-28ed-479a-9142-c0fea0c75fad",
              "parentUUID": "8e1c4220-f563-465b-8115-00ac1ffafcbd",
              "isHook": false,
              "skipped": false
            },
            {
              "title": "Add another specific product to basket",
              "fullTitle": "Iterate over elements Add another specific product to basket",
              "timedOut": null,
              "duration": 2458,
              "state": "passed",
              "speed": "fast",
              "pass": true,
              "fail": false,
              "pending": false,
              "context": null,
              "code": "cy.selectProduct(\"Seaweed Condiditoner\");",
              "err": {},
              "uuid": "611e96a0-8716-4c05-b466-fc068ba57f6a",
              "parentUUID": "8e1c4220-f563-465b-8115-00ac1ffafcbd",
              "isHook": false,
              "skipped": false
            },
            {
              "title": "Add another specific product to basket2",
              "fullTitle": "Iterate over elements Add another specific product to basket2",
              "timedOut": null,
              "duration": 3420,
              "state": "passed",
              "speed": "fast",
              "pass": true,
              "fail": false,
              "pending": false,
              "context": null,
              "code": "cy.selectProduct(\"Eau Parfumee au The Vert Shampoo\");",
              "err": {},
              "uuid": "2e2e29c8-2b7d-49d7-bdfa-6c21dfd9281f",
              "parentUUID": "8e1c4220-f563-465b-8115-00ac1ffafcbd",
              "isHook": false,
              "skipped": false
            }
          ],
          "suites": [],
          "passes": [
            "69499a7d-8163-4af0-ba49-b065edc0dd37",
            "7edc789e-28ed-479a-9142-c0fea0c75fad",
            "611e96a0-8716-4c05-b466-fc068ba57f6a",
            "2e2e29c8-2b7d-49d7-bdfa-6c21dfd9281f"
          ],
          "failures": [],
          "pending": [],
          "skipped": [],
          "duration": 11592,
          "root": false,
          "rootEmpty": false,
          "_timeout": 2000
        }
      ],
      "passes": [],
      "failures": [],
      "pending": [],
      "skipped": [],
      "duration": 0,
      "root": true,
      "rootEmpty": true,
      "_timeout": 2000
    },
    {
      "uuid": "047feb99-23de-49ca-bfda-9f48d91daf9d",
      "title": "",
      "fullFile": "cypress/e2e/udemy_lessons/mouse-actions.cy.js",
      "file": "cypress/e2e/udemy_lessons/mouse-actions.cy.js",
      "beforeHooks": [],
      "afterHooks": [],
      "tests": [],
      "suites": [
        {
          "uuid": "d4621b16-f994-40af-a924-b52047bbfcb5",
          "title": "Test mouse actions",
          "fullFile": "",
          "file": "",
          "beforeHooks": [],
          "afterHooks": [],
          "tests": [
            {
              "title": "Scroll element into view",
              "fullTitle": "Test mouse actions Scroll element into view",
              "timedOut": null,
              "duration": 1042,
              "state": "passed",
              "speed": "fast",
              "pass": true,
              "fail": false,
              "pending": false,
              "context": null,
              "code": "cy.visit(\"https://www.webdriveruniversity.com/\");\ncy.get(\"#actions\").scrollIntoView().invoke(\"removeAttr\", \"target\").click();",
              "err": {},
              "uuid": "d338a7f2-efd8-4d3c-a212-1e3e7e3f643d",
              "parentUUID": "d4621b16-f994-40af-a924-b52047bbfcb5",
              "isHook": false,
              "skipped": false
            },
            {
              "title": "drag and drop",
              "fullTitle": "Test mouse actions drag and drop",
              "timedOut": null,
              "duration": 274,
              "state": "passed",
              "speed": "fast",
              "pass": true,
              "fail": false,
              "pending": false,
              "context": null,
              "code": "cy.visit(\"https://www.webdriveruniversity.com/\");\ncy.get(\"#actions\").scrollIntoView().invoke(\"removeAttr\", \"target\").click();\ncy.get(\"#draggable\").trigger(\"mousedown\", {\n  which: 1\n});\ncy.get(\"#droppable\").trigger(\"mousemove\").trigger(\"mouseup\", {\n  force: true\n});",
              "err": {},
              "uuid": "21e44dec-1c9f-47fd-bf00-cd8359be33ea",
              "parentUUID": "d4621b16-f994-40af-a924-b52047bbfcb5",
              "isHook": false,
              "skipped": false
            },
            {
              "title": "double click",
              "fullTitle": "Test mouse actions double click",
              "timedOut": null,
              "duration": 241,
              "state": "passed",
              "speed": "fast",
              "pass": true,
              "fail": false,
              "pending": false,
              "context": null,
              "code": "cy.visit(\"https://www.webdriveruniversity.com/\");\ncy.get(\"#actions\").scrollIntoView().invoke(\"removeAttr\", \"target\").click();\ncy.get(\"#double-click\").trigger(\"dblclick\");",
              "err": {},
              "uuid": "43303b78-0d14-4eea-b83a-65889df3bc0f",
              "parentUUID": "d4621b16-f994-40af-a924-b52047bbfcb5",
              "isHook": false,
              "skipped": false
            },
            {
              "title": "Click and hold with assertion",
              "fullTitle": "Test mouse actions Click and hold with assertion",
              "timedOut": null,
              "duration": 244,
              "state": "passed",
              "speed": "fast",
              "pass": true,
              "fail": false,
              "pending": false,
              "context": null,
              "code": "cy.visit(\"https://www.webdriveruniversity.com/\");\ncy.get(\"#actions\").scrollIntoView().invoke(\"removeAttr\", \"target\").click();\ncy.get(\"#click-box\").trigger(\"mousedown\", {\n  which: 1\n}).then($element => {\n  expect($element).to.have.css(\"background-color\", \"rgb(0, 255, 0)\");\n});",
              "err": {},
              "uuid": "ea80e430-9fcf-4057-907b-40160a9bbb77",
              "parentUUID": "d4621b16-f994-40af-a924-b52047bbfcb5",
              "isHook": false,
              "skipped": false
            }
          ],
          "suites": [],
          "passes": [
            "d338a7f2-efd8-4d3c-a212-1e3e7e3f643d",
            "21e44dec-1c9f-47fd-bf00-cd8359be33ea",
            "43303b78-0d14-4eea-b83a-65889df3bc0f",
            "ea80e430-9fcf-4057-907b-40160a9bbb77"
          ],
          "failures": [],
          "pending": [],
          "skipped": [],
          "duration": 1801,
          "root": false,
          "rootEmpty": false,
          "_timeout": 2000
        }
      ],
      "passes": [],
      "failures": [],
      "pending": [],
      "skipped": [],
      "duration": 0,
      "root": true,
      "rootEmpty": true,
      "_timeout": 2000
    },
    {
      "uuid": "33d8d328-a412-42c5-8028-df79f47a0710",
      "title": "",
      "fullFile": "cypress/e2e/udemy_lessons/select-dropdown-list.cy.js",
      "file": "cypress/e2e/udemy_lessons/select-dropdown-list.cy.js",
      "beforeHooks": [],
      "afterHooks": [],
      "tests": [],
      "suites": [
        {
          "uuid": "e356467c-b9ca-44ba-a109-c48beae69307",
          "title": "Interact with dropdown list",
          "fullFile": "",
          "file": "",
          "beforeHooks": [],
          "afterHooks": [],
          "tests": [
            {
              "title": "Select specific values via select dropdown lists",
              "fullTitle": "Interact with dropdown list Select specific values via select dropdown lists",
              "timedOut": null,
              "duration": 1669,
              "state": "passed",
              "speed": "fast",
              "pass": true,
              "fail": false,
              "pending": false,
              "context": null,
              "code": "cy.visit(\"https://www.webdriveruniversity.com/\");\ncy.get(\"#dropdown-checkboxes-radiobuttons\").invoke(\"removeAttr\", \"target\").click();\ncy.get(\"#dropdowm-menu-1\").select(\"c#\"); // attribute value\ncy.get(\"#dropdowm-menu-2\").select(\"testng\").should(\"have.value\", \"testng\"); //text value\ncy.get(\"#dropdowm-menu-3\").select(\"JQuery\").contains(\"JQuery\");\ncy.get(\"#dropdowm-menu-2\").select(\"maven\").should(\"have.value\", \"maven\"); // attribute value\ncy.get(\"#dropdowm-menu-2\").select(\"junit\").contains(\"JUnit\"); //text valuegit",
              "err": {},
              "uuid": "a6d98913-59e8-4160-9e42-fa25c26bdbc0",
              "parentUUID": "e356467c-b9ca-44ba-a109-c48beae69307",
              "isHook": false,
              "skipped": false
            }
          ],
          "suites": [],
          "passes": [
            "a6d98913-59e8-4160-9e42-fa25c26bdbc0"
          ],
          "failures": [],
          "pending": [],
          "skipped": [],
          "duration": 1669,
          "root": false,
          "rootEmpty": false,
          "_timeout": 2000
        }
      ],
      "passes": [],
      "failures": [],
      "pending": [],
      "skipped": [],
      "duration": 0,
      "root": true,
      "rootEmpty": true,
      "_timeout": 2000
    },
    {
      "uuid": "b97fd48c-6071-4733-956b-809ca0221451",
      "title": "",
      "fullFile": "cypress/e2e/udemy_lessons/traversing-elements.cy.js",
      "file": "cypress/e2e/udemy_lessons/traversing-elements.cy.js",
      "beforeHooks": [],
      "afterHooks": [],
      "tests": [],
      "suites": [
        {
          "uuid": "4df748c1-eb63-4e89-8066-c839c2a095d0",
          "title": "Traversing DOM elements in Cypress",
          "fullFile": "",
          "file": "",
          "beforeHooks": [],
          "afterHooks": [],
          "tests": [
            {
              "title": "siblings() To get all sibling DOM elements of elements",
              "fullTitle": "Traversing DOM elements in Cypress siblings() To get all sibling DOM elements of elements",
              "timedOut": null,
              "duration": 936,
              "state": "passed",
              "speed": "fast",
              "pass": true,
              "fail": false,
              "pending": false,
              "context": null,
              "code": "cy.get(\".traversal-button-other-states .active\").siblings().should(\"have.length\", 3);",
              "err": {},
              "uuid": "8adb9b88-9d8b-4e86-8707-a996a1f2499d",
              "parentUUID": "4df748c1-eb63-4e89-8066-c839c2a095d0",
              "isHook": false,
              "skipped": false
            }
          ],
          "suites": [],
          "passes": [
            "8adb9b88-9d8b-4e86-8707-a996a1f2499d"
          ],
          "failures": [],
          "pending": [],
          "skipped": [],
          "duration": 936,
          "root": false,
          "rootEmpty": false,
          "_timeout": 2000
        }
      ],
      "passes": [],
      "failures": [],
      "pending": [],
      "skipped": [],
      "duration": 0,
      "root": true,
      "rootEmpty": true,
      "_timeout": 2000
    },
    {
      "uuid": "9961d197-e414-4d8d-a19a-871f9ed4173d",
      "title": "",
      "fullFile": "cypress/e2e/udemy_lessons/upload-file.cy.js",
      "file": "cypress/e2e/udemy_lessons/upload-file.cy.js",
      "beforeHooks": [],
      "afterHooks": [],
      "tests": [],
      "suites": [
        {
          "uuid": "1fe9ac3d-28fa-4eb7-88de-edc2b90223f7",
          "title": "Test File Upload via webdriveruni",
          "fullFile": "",
          "file": "",
          "beforeHooks": [],
          "afterHooks": [],
          "tests": [
            {
              "title": "Upload a file....",
              "fullTitle": "Test File Upload via webdriveruni Upload a file....",
              "timedOut": null,
              "duration": 1133,
              "state": "passed",
              "speed": "fast",
              "pass": true,
              "fail": false,
              "pending": false,
              "context": null,
              "code": "cy.visit(\"http://webdriveruniversity.com/\");\ncy.get(\"#file-upload\").invoke(\"removeAttr\", \"target\").click({\n  force: true\n});\ncy.get(\"#myFile\").selectFile(\"cypress/fixtures/istqb_Emre_Dincsoy.png\");\ncy.get(\"#submit-button\").click();",
              "err": {},
              "uuid": "7506e2f8-3f2d-475d-ac84-181969fc3b06",
              "parentUUID": "1fe9ac3d-28fa-4eb7-88de-edc2b90223f7",
              "isHook": false,
              "skipped": false
            },
            {
              "title": "Upload NO file....",
              "fullTitle": "Test File Upload via webdriveruni Upload NO file....",
              "timedOut": null,
              "duration": 323,
              "state": "passed",
              "speed": "fast",
              "pass": true,
              "fail": false,
              "pending": false,
              "context": null,
              "code": "cy.visit(\"http://webdriveruniversity.com/\");\ncy.get(\"#file-upload\").invoke(\"removeAttr\", \"target\").click({\n  force: true\n});\ncy.get(\"#submit-button\").click();",
              "err": {},
              "uuid": "9efc5c77-ad77-4c0d-9239-5a285920c321",
              "parentUUID": "1fe9ac3d-28fa-4eb7-88de-edc2b90223f7",
              "isHook": false,
              "skipped": false
            }
          ],
          "suites": [],
          "passes": [
            "7506e2f8-3f2d-475d-ac84-181969fc3b06",
            "9efc5c77-ad77-4c0d-9239-5a285920c321"
          ],
          "failures": [],
          "pending": [],
          "skipped": [],
          "duration": 1456,
          "root": false,
          "rootEmpty": false,
          "_timeout": 2000
        }
      ],
      "passes": [],
      "failures": [],
      "pending": [],
      "skipped": [],
      "duration": 0,
      "root": true,
      "rootEmpty": true,
      "_timeout": 2000
    },
    {
      "uuid": "830e2fd1-7a44-4e08-852d-a43043cc4be4",
      "title": "",
      "fullFile": "cypress/e2e/udemy_lessons/variable-and-cy-commands.cy.js",
      "file": "cypress/e2e/udemy_lessons/variable-and-cy-commands.cy.js",
      "beforeHooks": [],
      "afterHooks": [],
      "tests": [],
      "suites": [
        {
          "uuid": "a8fe2f90-f0c5-4f17-b5ea-438fbd1293aa",
          "title": "verifying variables,cypress commands and jquery commands",
          "fullFile": "",
          "file": "",
          "beforeHooks": [],
          "afterHooks": [],
          "tests": [
            {
              "title": "contact form work",
              "fullTitle": "verifying variables,cypress commands and jquery commands contact form work",
              "timedOut": null,
              "duration": 2272,
              "state": "passed",
              "speed": "fast",
              "pass": true,
              "fail": false,
              "pending": false,
              "context": null,
              "code": "cy.visit(\"https://automationteststore.com/index.php?rt=product/category&path=52\");\ncy.get(\".fixed_wrapper .prdocutname\").each(($el, index, $list) => {\n  if ($el.text().includes(\"Eau Parfumee au The Vert Shampoo\")) {\n    cy.wrap($el).click();\n  }\n});",
              "err": {},
              "uuid": "0d7fb3df-a441-4ab7-a26e-f50e802de764",
              "parentUUID": "a8fe2f90-f0c5-4f17-b5ea-438fbd1293aa",
              "isHook": false,
              "skipped": false
            }
          ],
          "suites": [],
          "passes": [
            "0d7fb3df-a441-4ab7-a26e-f50e802de764"
          ],
          "failures": [],
          "pending": [],
          "skipped": [],
          "duration": 2272,
          "root": false,
          "rootEmpty": false,
          "_timeout": 2000
        }
      ],
      "passes": [],
      "failures": [],
      "pending": [],
      "skipped": [],
      "duration": 0,
      "root": true,
      "rootEmpty": true,
      "_timeout": 2000
    }
  ],
  "meta": {
    "mocha": {
      "version": "7.0.1"
    },
    "mochawesome": {
      "options": {
        "quiet": false,
        "reportFilename": "mochawesome",
        "saveHtml": false,
        "saveJson": true,
        "consoleReporter": "spec",
        "useInlineDiffs": false,
        "code": true
      },
      "version": "7.1.3"
    },
    "marge": {
      "options": {
        "id": "default",
        "reportDir": "cypress/results/mochawesome",
        "quite": true,
        "overwrite": false,
        "html": false,
        "json": true
      },
      "version": "6.2.0"
    }
  }
}