{
  "stats": {
    "suites": 1,
    "tests": 4,
    "passes": 4,
    "pending": 0,
    "failures": 0,
    "start": "2024-03-11T12:45:27.087Z",
    "end": "2024-03-11T12:45:39.375Z",
    "duration": 12288,
    "testsRegistered": 4,
    "passPercent": 100,
    "pendingPercent": 0,
    "other": 0,
    "hasOther": false,
    "skipped": 0,
    "hasSkipped": false
  },
  "results": [
    {
      "uuid": "fff22064-ba0c-4fd2-a76d-d12495eedb92",
      "title": "",
      "fullFile": "cypress/e2e/udemy_lessons/iterate-over-elements.cy.js",
      "file": "cypress/e2e/udemy_lessons/iterate-over-elements.cy.js",
      "beforeHooks": [],
      "afterHooks": [],
      "tests": [],
      "suites": [
        {
          "uuid": "9735084c-92c7-40b5-8244-694de86515af",
          "title": "Iterate over elements",
          "fullFile": "",
          "file": "",
          "beforeHooks": [],
          "afterHooks": [],
          "tests": [
            {
              "title": "Log information of all hair care products",
              "fullTitle": "Iterate over elements Log information of all hair care products",
              "timedOut": null,
              "duration": 2950,
              "state": "passed",
              "speed": "fast",
              "pass": true,
              "fail": false,
              "pending": false,
              "context": null,
              "code": "cy.get(\".fixed_wrapper .prdocutname\").each(($el, index, $list) => {\n  cy.log(\"Index: \" + index + \" + \" + $el.text());\n});",
              "err": {},
              "uuid": "66e6f029-7f38-4c6a-9f25-e04d45021748",
              "parentUUID": "9735084c-92c7-40b5-8244-694de86515af",
              "isHook": false,
              "skipped": false
            },
            {
              "title": "Add specific product to basket",
              "fullTitle": "Iterate over elements Add specific product to basket",
              "timedOut": null,
              "duration": 3201,
              "state": "passed",
              "speed": "fast",
              "pass": true,
              "fail": false,
              "pending": false,
              "context": null,
              "code": "cy.selectProduct(\"Curls to straight Shampoo\");",
              "err": {},
              "uuid": "6243f12e-cb6d-4131-b201-ee4778658e2c",
              "parentUUID": "9735084c-92c7-40b5-8244-694de86515af",
              "isHook": false,
              "skipped": false
            },
            {
              "title": "Add another specific product to basket",
              "fullTitle": "Iterate over elements Add another specific product to basket",
              "timedOut": null,
              "duration": 2258,
              "state": "passed",
              "speed": "fast",
              "pass": true,
              "fail": false,
              "pending": false,
              "context": null,
              "code": "cy.selectProduct(\"Seaweed Condiditoner\");",
              "err": {},
              "uuid": "5046d175-f43b-4a88-b2c1-3eab1bdfd0b6",
              "parentUUID": "9735084c-92c7-40b5-8244-694de86515af",
              "isHook": false,
              "skipped": false
            },
            {
              "title": "Add another specific product to basket2",
              "fullTitle": "Iterate over elements Add another specific product to basket2",
              "timedOut": null,
              "duration": 2704,
              "state": "passed",
              "speed": "fast",
              "pass": true,
              "fail": false,
              "pending": false,
              "context": null,
              "code": "cy.selectProduct(\"Eau Parfumee au The Vert Shampoo\");",
              "err": {},
              "uuid": "d21546cd-efd4-401f-b478-25324cebba77",
              "parentUUID": "9735084c-92c7-40b5-8244-694de86515af",
              "isHook": false,
              "skipped": false
            }
          ],
          "suites": [],
          "passes": [
            "66e6f029-7f38-4c6a-9f25-e04d45021748",
            "6243f12e-cb6d-4131-b201-ee4778658e2c",
            "5046d175-f43b-4a88-b2c1-3eab1bdfd0b6",
            "d21546cd-efd4-401f-b478-25324cebba77"
          ],
          "failures": [],
          "pending": [],
          "skipped": [],
          "duration": 11113,
          "root": false,
          "rootEmpty": false,
          "_timeout": 2000
        }
      ],
      "passes": [],
      "failures": [],
      "pending": [],
      "skipped": [],
      "duration": 0,
      "root": true,
      "rootEmpty": true,
      "_timeout": 2000
    }
  ],
  "meta": {
    "mocha": {
      "version": "7.0.1"
    },
    "mochawesome": {
      "options": {
        "quiet": false,
        "reportFilename": "mochawesome",
        "saveHtml": false,
        "saveJson": true,
        "consoleReporter": "spec",
        "useInlineDiffs": false,
        "code": true
      },
      "version": "7.1.3"
    },
    "marge": {
      "options": {
        "id": "default",
        "reportDir": "cypress/results/mochawesome",
        "quite": true,
        "overwrite": false,
        "html": false,
        "json": true
      },
      "version": "6.2.0"
    }
  }
}