{
  "stats": {
    "suites": 1,
    "tests": 4,
    "passes": 4,
    "pending": 0,
    "failures": 0,
    "start": "2024-03-11T12:55:57.652Z",
    "end": "2024-03-11T12:56:00.462Z",
    "duration": 2810,
    "testsRegistered": 4,
    "passPercent": 100,
    "pendingPercent": 0,
    "other": 0,
    "hasOther": false,
    "skipped": 0,
    "hasSkipped": false
  },
  "results": [
    {
      "uuid": "a2860aa3-7633-4d87-b35b-91d99297bd0a",
      "title": "",
      "fullFile": "cypress/e2e/udemy_lessons/alerts.cy.js",
      "file": "cypress/e2e/udemy_lessons/alerts.cy.js",
      "beforeHooks": [],
      "afterHooks": [],
      "tests": [],
      "suites": [
        {
          "uuid": "818f5800-8990-4325-b2ce-240ebc219cef",
          "title": "Handle JS alerts",
          "fullFile": "",
          "file": "",
          "beforeHooks": [],
          "afterHooks": [],
          "tests": [
            {
              "title": "Confirm js alerts contains thr correct text",
              "fullTitle": "Handle JS alerts Confirm js alerts contains thr correct text",
              "timedOut": null,
              "duration": 1924,
              "state": "passed",
              "speed": "fast",
              "pass": true,
              "fail": false,
              "pending": false,
              "context": null,
              "code": "cy.visit(\"https://www.webdriveruniversity.com/\");\ncy.get(\"#popup-alerts\").invoke(\"removeAttr\", \"target\").click();\ncy.get(\"#button1\").click();\ncy.on(\"window:alert\", str => {\n  expect(str).to.equal(\"I am an alert box!\");\n});",
              "err": {},
              "uuid": "f085a1a5-b03d-4ee6-90b9-738549210f93",
              "parentUUID": "818f5800-8990-4325-b2ce-240ebc219cef",
              "isHook": false,
              "skipped": false
            },
            {
              "title": "Validate js confirm alert box works correctly when clicking ok",
              "fullTitle": "Handle JS alerts Validate js confirm alert box works correctly when clicking ok",
              "timedOut": null,
              "duration": 286,
              "state": "passed",
              "speed": "fast",
              "pass": true,
              "fail": false,
              "pending": false,
              "context": null,
              "code": "cy.visit(\"https://www.webdriveruniversity.com/\");\ncy.get(\"#popup-alerts\").invoke(\"removeAttr\", \"target\").click();\ncy.get(\"#button4\").click();\ncy.on(\"window:confirm\", str => {\n  return true;\n});\ncy.get(\"#confirm-alert-text\").contains(\"You pressed OK!\");",
              "err": {},
              "uuid": "9165fb36-ee08-400c-87b0-42e2d736def2",
              "parentUUID": "818f5800-8990-4325-b2ce-240ebc219cef",
              "isHook": false,
              "skipped": false
            },
            {
              "title": "Validate js confirm alert box works correctly when clicking cancel",
              "fullTitle": "Handle JS alerts Validate js confirm alert box works correctly when clicking cancel",
              "timedOut": null,
              "duration": 270,
              "state": "passed",
              "speed": "fast",
              "pass": true,
              "fail": false,
              "pending": false,
              "context": null,
              "code": "cy.visit(\"https://www.webdriveruniversity.com/\");\ncy.get(\"#popup-alerts\").invoke(\"removeAttr\", \"target\").click();\ncy.get(\"#button4\").click();\ncy.on(\"window:confirm\", str => {\n  return false;\n});\ncy.get(\"#confirm-alert-text\").contains(\"You pressed Cancel!\");",
              "err": {},
              "uuid": "9476dd28-8e11-468b-8516-cdab560847d3",
              "parentUUID": "818f5800-8990-4325-b2ce-240ebc219cef",
              "isHook": false,
              "skipped": false
            },
            {
              "title": "Validate js confirm alert box using a stub",
              "fullTitle": "Handle JS alerts Validate js confirm alert box using a stub",
              "timedOut": null,
              "duration": 289,
              "state": "passed",
              "speed": "fast",
              "pass": true,
              "fail": false,
              "pending": false,
              "context": null,
              "code": "cy.visit(\"https://www.webdriveruniversity.com/\");\ncy.get(\"#popup-alerts\").invoke(\"removeAttr\", \"target\").click();\nconst stub = cy.stub();\ncy.on(\"window:confirm\", stub);\ncy.get(\"#button4\").click().then(() => {\n  expect(stub.getCall(0)).to.be.calledWith(\"Press a button!\");\n}).then(() => {\n  return true;\n}).then(() => {\n  cy.get(\"#confirm-alert-text\").contains(\"You pressed OK!\");\n});",
              "err": {},
              "uuid": "2e468d37-4da3-4605-82ba-6bfaea420c0c",
              "parentUUID": "818f5800-8990-4325-b2ce-240ebc219cef",
              "isHook": false,
              "skipped": false
            }
          ],
          "suites": [],
          "passes": [
            "f085a1a5-b03d-4ee6-90b9-738549210f93",
            "9165fb36-ee08-400c-87b0-42e2d736def2",
            "9476dd28-8e11-468b-8516-cdab560847d3",
            "2e468d37-4da3-4605-82ba-6bfaea420c0c"
          ],
          "failures": [],
          "pending": [],
          "skipped": [],
          "duration": 2769,
          "root": false,
          "rootEmpty": false,
          "_timeout": 2000
        }
      ],
      "passes": [],
      "failures": [],
      "pending": [],
      "skipped": [],
      "duration": 0,
      "root": true,
      "rootEmpty": true,
      "_timeout": 2000
    }
  ],
  "meta": {
    "mocha": {
      "version": "7.0.1"
    },
    "mochawesome": {
      "options": {
        "quiet": false,
        "reportFilename": "mochawesome",
        "saveHtml": false,
        "saveJson": true,
        "consoleReporter": "spec",
        "useInlineDiffs": false,
        "code": true
      },
      "version": "7.1.3"
    },
    "marge": {
      "options": {
        "id": "default",
        "reportDir": "cypress/results/mochawesome",
        "quite": true,
        "overwrite": false,
        "html": false,
        "json": true
      },
      "version": "6.2.0"
    }
  }
}