{
  "stats": {
    "suites": 1,
    "tests": 4,
    "passes": 4,
    "pending": 0,
    "failures": 0,
    "start": "2024-03-09T17:44:23.345Z",
    "end": "2024-03-09T17:44:36.108Z",
    "duration": 12763,
    "testsRegistered": 4,
    "passPercent": 100,
    "pendingPercent": 0,
    "other": 0,
    "hasOther": false,
    "skipped": 0,
    "hasSkipped": false
  },
  "results": [
    {
      "uuid": "382bb25e-2f7f-4ddd-858a-8211cdcff06d",
      "title": "",
      "fullFile": "cypress/e2e/udemy_lessons/iterate-over-elements.cy.js",
      "file": "cypress/e2e/udemy_lessons/iterate-over-elements.cy.js",
      "beforeHooks": [],
      "afterHooks": [],
      "tests": [],
      "suites": [
        {
          "uuid": "8e1c4220-f563-465b-8115-00ac1ffafcbd",
          "title": "Iterate over elements",
          "fullFile": "",
          "file": "",
          "beforeHooks": [],
          "afterHooks": [],
          "tests": [
            {
              "title": "Log information of all hair care products",
              "fullTitle": "Iterate over elements Log information of all hair care products",
              "timedOut": null,
              "duration": 2901,
              "state": "passed",
              "speed": "fast",
              "pass": true,
              "fail": false,
              "pending": false,
              "context": null,
              "code": "cy.get(\".fixed_wrapper .prdocutname\").each(($el, index, $list) => {\n  cy.log(\"Index: \" + index + \" + \" + $el.text());\n});",
              "err": {},
              "uuid": "69499a7d-8163-4af0-ba49-b065edc0dd37",
              "parentUUID": "8e1c4220-f563-465b-8115-00ac1ffafcbd",
              "isHook": false,
              "skipped": false
            },
            {
              "title": "Add specific product to basket",
              "fullTitle": "Iterate over elements Add specific product to basket",
              "timedOut": null,
              "duration": 2813,
              "state": "passed",
              "speed": "fast",
              "pass": true,
              "fail": false,
              "pending": false,
              "context": null,
              "code": "cy.selectProduct(\"Curls to straight Shampoo\");",
              "err": {},
              "uuid": "7edc789e-28ed-479a-9142-c0fea0c75fad",
              "parentUUID": "8e1c4220-f563-465b-8115-00ac1ffafcbd",
              "isHook": false,
              "skipped": false
            },
            {
              "title": "Add another specific product to basket",
              "fullTitle": "Iterate over elements Add another specific product to basket",
              "timedOut": null,
              "duration": 2458,
              "state": "passed",
              "speed": "fast",
              "pass": true,
              "fail": false,
              "pending": false,
              "context": null,
              "code": "cy.selectProduct(\"Seaweed Condiditoner\");",
              "err": {},
              "uuid": "611e96a0-8716-4c05-b466-fc068ba57f6a",
              "parentUUID": "8e1c4220-f563-465b-8115-00ac1ffafcbd",
              "isHook": false,
              "skipped": false
            },
            {
              "title": "Add another specific product to basket2",
              "fullTitle": "Iterate over elements Add another specific product to basket2",
              "timedOut": null,
              "duration": 3420,
              "state": "passed",
              "speed": "fast",
              "pass": true,
              "fail": false,
              "pending": false,
              "context": null,
              "code": "cy.selectProduct(\"Eau Parfumee au The Vert Shampoo\");",
              "err": {},
              "uuid": "2e2e29c8-2b7d-49d7-bdfa-6c21dfd9281f",
              "parentUUID": "8e1c4220-f563-465b-8115-00ac1ffafcbd",
              "isHook": false,
              "skipped": false
            }
          ],
          "suites": [],
          "passes": [
            "69499a7d-8163-4af0-ba49-b065edc0dd37",
            "7edc789e-28ed-479a-9142-c0fea0c75fad",
            "611e96a0-8716-4c05-b466-fc068ba57f6a",
            "2e2e29c8-2b7d-49d7-bdfa-6c21dfd9281f"
          ],
          "failures": [],
          "pending": [],
          "skipped": [],
          "duration": 11592,
          "root": false,
          "rootEmpty": false,
          "_timeout": 2000
        }
      ],
      "passes": [],
      "failures": [],
      "pending": [],
      "skipped": [],
      "duration": 0,
      "root": true,
      "rootEmpty": true,
      "_timeout": 2000
    }
  ],
  "meta": {
    "mocha": {
      "version": "7.0.1"
    },
    "mochawesome": {
      "options": {
        "quiet": false,
        "reportFilename": "mochawesome",
        "saveHtml": false,
        "saveJson": true,
        "consoleReporter": "spec",
        "useInlineDiffs": false,
        "code": true
      },
      "version": "7.1.3"
    },
    "marge": {
      "options": {
        "id": "default",
        "reportDir": "cypress/results/mochawesome",
        "quite": true,
        "overwrite": false,
        "html": false,
        "json": true
      },
      "version": "6.2.0"
    }
  }
}