{
  "stats": {
    "suites": 1,
    "tests": 1,
    "passes": 1,
    "pending": 0,
    "failures": 0,
    "start": "2024-03-11T12:46:00.682Z",
    "end": "2024-03-11T12:46:02.570Z",
    "duration": 1888,
    "testsRegistered": 1,
    "passPercent": 100,
    "pendingPercent": 0,
    "other": 0,
    "hasOther": false,
    "skipped": 0,
    "hasSkipped": false
  },
  "results": [
    {
      "uuid": "e8ce73e5-f83e-4793-8f91-969ce7cfbb53",
      "title": "",
      "fullFile": "cypress/e2e/udemy_lessons/select-dropdown-list.cy.js",
      "file": "cypress/e2e/udemy_lessons/select-dropdown-list.cy.js",
      "beforeHooks": [],
      "afterHooks": [],
      "tests": [],
      "suites": [
        {
          "uuid": "db325c7b-d5d8-41de-b4dd-830399e375d1",
          "title": "Interact with dropdown list",
          "fullFile": "",
          "file": "",
          "beforeHooks": [],
          "afterHooks": [],
          "tests": [
            {
              "title": "Select specific values via select dropdown lists",
              "fullTitle": "Interact with dropdown list Select specific values via select dropdown lists",
              "timedOut": null,
              "duration": 1816,
              "state": "passed",
              "speed": "fast",
              "pass": true,
              "fail": false,
              "pending": false,
              "context": null,
              "code": "cy.visit(\"https://www.webdriveruniversity.com/\");\ncy.get(\"#dropdown-checkboxes-radiobuttons\").invoke(\"removeAttr\", \"target\").click();\ncy.get(\"#dropdowm-menu-1\").select(\"c#\"); // attribute value\ncy.get(\"#dropdowm-menu-2\").select(\"testng\").should(\"have.value\", \"testng\"); //text value\ncy.get(\"#dropdowm-menu-3\").select(\"JQuery\").contains(\"JQuery\");\ncy.get(\"#dropdowm-menu-2\").select(\"maven\").should(\"have.value\", \"maven\"); // attribute value\ncy.get(\"#dropdowm-menu-2\").select(\"junit\").contains(\"JUnit\"); //text valuegit",
              "err": {},
              "uuid": "7b15a7c5-8705-42d9-b2c5-4676b329ed2b",
              "parentUUID": "db325c7b-d5d8-41de-b4dd-830399e375d1",
              "isHook": false,
              "skipped": false
            }
          ],
          "suites": [],
          "passes": [
            "7b15a7c5-8705-42d9-b2c5-4676b329ed2b"
          ],
          "failures": [],
          "pending": [],
          "skipped": [],
          "duration": 1816,
          "root": false,
          "rootEmpty": false,
          "_timeout": 2000
        }
      ],
      "passes": [],
      "failures": [],
      "pending": [],
      "skipped": [],
      "duration": 0,
      "root": true,
      "rootEmpty": true,
      "_timeout": 2000
    }
  ],
  "meta": {
    "mocha": {
      "version": "7.0.1"
    },
    "mochawesome": {
      "options": {
        "quiet": false,
        "reportFilename": "mochawesome",
        "saveHtml": false,
        "saveJson": true,
        "consoleReporter": "spec",
        "useInlineDiffs": false,
        "code": true
      },
      "version": "7.1.3"
    },
    "marge": {
      "options": {
        "id": "default",
        "reportDir": "cypress/results/mochawesome",
        "quite": true,
        "overwrite": false,
        "html": false,
        "json": true
      },
      "version": "6.2.0"
    }
  }
}