{
  "stats": {
    "suites": 1,
    "tests": 4,
    "passes": 4,
    "pending": 0,
    "failures": 0,
    "start": "2024-03-09T17:44:36.923Z",
    "end": "2024-03-09T17:44:38.772Z",
    "duration": 1849,
    "testsRegistered": 4,
    "passPercent": 100,
    "pendingPercent": 0,
    "other": 0,
    "hasOther": false,
    "skipped": 0,
    "hasSkipped": false
  },
  "results": [
    {
      "uuid": "047feb99-23de-49ca-bfda-9f48d91daf9d",
      "title": "",
      "fullFile": "cypress/e2e/udemy_lessons/mouse-actions.cy.js",
      "file": "cypress/e2e/udemy_lessons/mouse-actions.cy.js",
      "beforeHooks": [],
      "afterHooks": [],
      "tests": [],
      "suites": [
        {
          "uuid": "d4621b16-f994-40af-a924-b52047bbfcb5",
          "title": "Test mouse actions",
          "fullFile": "",
          "file": "",
          "beforeHooks": [],
          "afterHooks": [],
          "tests": [
            {
              "title": "Scroll element into view",
              "fullTitle": "Test mouse actions Scroll element into view",
              "timedOut": null,
              "duration": 1042,
              "state": "passed",
              "speed": "fast",
              "pass": true,
              "fail": false,
              "pending": false,
              "context": null,
              "code": "cy.visit(\"https://www.webdriveruniversity.com/\");\ncy.get(\"#actions\").scrollIntoView().invoke(\"removeAttr\", \"target\").click();",
              "err": {},
              "uuid": "d338a7f2-efd8-4d3c-a212-1e3e7e3f643d",
              "parentUUID": "d4621b16-f994-40af-a924-b52047bbfcb5",
              "isHook": false,
              "skipped": false
            },
            {
              "title": "drag and drop",
              "fullTitle": "Test mouse actions drag and drop",
              "timedOut": null,
              "duration": 274,
              "state": "passed",
              "speed": "fast",
              "pass": true,
              "fail": false,
              "pending": false,
              "context": null,
              "code": "cy.visit(\"https://www.webdriveruniversity.com/\");\ncy.get(\"#actions\").scrollIntoView().invoke(\"removeAttr\", \"target\").click();\ncy.get(\"#draggable\").trigger(\"mousedown\", {\n  which: 1\n});\ncy.get(\"#droppable\").trigger(\"mousemove\").trigger(\"mouseup\", {\n  force: true\n});",
              "err": {},
              "uuid": "21e44dec-1c9f-47fd-bf00-cd8359be33ea",
              "parentUUID": "d4621b16-f994-40af-a924-b52047bbfcb5",
              "isHook": false,
              "skipped": false
            },
            {
              "title": "double click",
              "fullTitle": "Test mouse actions double click",
              "timedOut": null,
              "duration": 241,
              "state": "passed",
              "speed": "fast",
              "pass": true,
              "fail": false,
              "pending": false,
              "context": null,
              "code": "cy.visit(\"https://www.webdriveruniversity.com/\");\ncy.get(\"#actions\").scrollIntoView().invoke(\"removeAttr\", \"target\").click();\ncy.get(\"#double-click\").trigger(\"dblclick\");",
              "err": {},
              "uuid": "43303b78-0d14-4eea-b83a-65889df3bc0f",
              "parentUUID": "d4621b16-f994-40af-a924-b52047bbfcb5",
              "isHook": false,
              "skipped": false
            },
            {
              "title": "Click and hold with assertion",
              "fullTitle": "Test mouse actions Click and hold with assertion",
              "timedOut": null,
              "duration": 244,
              "state": "passed",
              "speed": "fast",
              "pass": true,
              "fail": false,
              "pending": false,
              "context": null,
              "code": "cy.visit(\"https://www.webdriveruniversity.com/\");\ncy.get(\"#actions\").scrollIntoView().invoke(\"removeAttr\", \"target\").click();\ncy.get(\"#click-box\").trigger(\"mousedown\", {\n  which: 1\n}).then($element => {\n  expect($element).to.have.css(\"background-color\", \"rgb(0, 255, 0)\");\n});",
              "err": {},
              "uuid": "ea80e430-9fcf-4057-907b-40160a9bbb77",
              "parentUUID": "d4621b16-f994-40af-a924-b52047bbfcb5",
              "isHook": false,
              "skipped": false
            }
          ],
          "suites": [],
          "passes": [
            "d338a7f2-efd8-4d3c-a212-1e3e7e3f643d",
            "21e44dec-1c9f-47fd-bf00-cd8359be33ea",
            "43303b78-0d14-4eea-b83a-65889df3bc0f",
            "ea80e430-9fcf-4057-907b-40160a9bbb77"
          ],
          "failures": [],
          "pending": [],
          "skipped": [],
          "duration": 1801,
          "root": false,
          "rootEmpty": false,
          "_timeout": 2000
        }
      ],
      "passes": [],
      "failures": [],
      "pending": [],
      "skipped": [],
      "duration": 0,
      "root": true,
      "rootEmpty": true,
      "_timeout": 2000
    }
  ],
  "meta": {
    "mocha": {
      "version": "7.0.1"
    },
    "mochawesome": {
      "options": {
        "quiet": false,
        "reportFilename": "mochawesome",
        "saveHtml": false,
        "saveJson": true,
        "consoleReporter": "spec",
        "useInlineDiffs": false,
        "code": true
      },
      "version": "7.1.3"
    },
    "marge": {
      "options": {
        "id": "default",
        "reportDir": "cypress/results/mochawesome",
        "quite": true,
        "overwrite": false,
        "html": false,
        "json": true
      },
      "version": "6.2.0"
    }
  }
}