{
  "stats": {
    "suites": 1,
    "tests": 4,
    "passes": 4,
    "pending": 0,
    "failures": 0,
    "start": "2024-03-11T12:56:48.826Z",
    "end": "2024-03-11T12:57:00.313Z",
    "duration": 11487,
    "testsRegistered": 4,
    "passPercent": 100,
    "pendingPercent": 0,
    "other": 0,
    "hasOther": false,
    "skipped": 0,
    "hasSkipped": false
  },
  "results": [
    {
      "uuid": "19e185dc-efd4-4904-ac0c-b57f125d5b36",
      "title": "",
      "fullFile": "cypress/e2e/udemy_lessons/iterate-over-elements.cy.js",
      "file": "cypress/e2e/udemy_lessons/iterate-over-elements.cy.js",
      "beforeHooks": [],
      "afterHooks": [],
      "tests": [],
      "suites": [
        {
          "uuid": "9b43e61a-f4bc-44a1-b886-71557ae383fc",
          "title": "Iterate over elements",
          "fullFile": "",
          "file": "",
          "beforeHooks": [],
          "afterHooks": [],
          "tests": [
            {
              "title": "Log information of all hair care products",
              "fullTitle": "Iterate over elements Log information of all hair care products",
              "timedOut": null,
              "duration": 2833,
              "state": "passed",
              "speed": "fast",
              "pass": true,
              "fail": false,
              "pending": false,
              "context": null,
              "code": "cy.get(\".fixed_wrapper .prdocutname\").each(($el, index, $list) => {\n  cy.log(\"Index: \" + index + \" + \" + $el.text());\n});",
              "err": {},
              "uuid": "863c6a6a-3ecc-4ddf-98d9-a65efe7062e6",
              "parentUUID": "9b43e61a-f4bc-44a1-b886-71557ae383fc",
              "isHook": false,
              "skipped": false
            },
            {
              "title": "Add specific product to basket",
              "fullTitle": "Iterate over elements Add specific product to basket",
              "timedOut": null,
              "duration": 2642,
              "state": "passed",
              "speed": "fast",
              "pass": true,
              "fail": false,
              "pending": false,
              "context": null,
              "code": "cy.selectProduct(\"Curls to straight Shampoo\");",
              "err": {},
              "uuid": "59ad9e67-8b40-4281-9dfb-c31b57db67f3",
              "parentUUID": "9b43e61a-f4bc-44a1-b886-71557ae383fc",
              "isHook": false,
              "skipped": false
            },
            {
              "title": "Add another specific product to basket",
              "fullTitle": "Iterate over elements Add another specific product to basket",
              "timedOut": null,
              "duration": 2241,
              "state": "passed",
              "speed": "fast",
              "pass": true,
              "fail": false,
              "pending": false,
              "context": null,
              "code": "cy.selectProduct(\"Seaweed Condiditoner\");",
              "err": {},
              "uuid": "a8d4e7c1-27f3-410e-a90a-83599dfc4214",
              "parentUUID": "9b43e61a-f4bc-44a1-b886-71557ae383fc",
              "isHook": false,
              "skipped": false
            },
            {
              "title": "Add another specific product to basket2",
              "fullTitle": "Iterate over elements Add another specific product to basket2",
              "timedOut": null,
              "duration": 2583,
              "state": "passed",
              "speed": "fast",
              "pass": true,
              "fail": false,
              "pending": false,
              "context": null,
              "code": "cy.selectProduct(\"Eau Parfumee au The Vert Shampoo\");",
              "err": {},
              "uuid": "4e2d4f1c-32d8-4e93-b332-e537f621cfd4",
              "parentUUID": "9b43e61a-f4bc-44a1-b886-71557ae383fc",
              "isHook": false,
              "skipped": false
            }
          ],
          "suites": [],
          "passes": [
            "863c6a6a-3ecc-4ddf-98d9-a65efe7062e6",
            "59ad9e67-8b40-4281-9dfb-c31b57db67f3",
            "a8d4e7c1-27f3-410e-a90a-83599dfc4214",
            "4e2d4f1c-32d8-4e93-b332-e537f621cfd4"
          ],
          "failures": [],
          "pending": [],
          "skipped": [],
          "duration": 10299,
          "root": false,
          "rootEmpty": false,
          "_timeout": 2000
        }
      ],
      "passes": [],
      "failures": [],
      "pending": [],
      "skipped": [],
      "duration": 0,
      "root": true,
      "rootEmpty": true,
      "_timeout": 2000
    }
  ],
  "meta": {
    "mocha": {
      "version": "7.0.1"
    },
    "mochawesome": {
      "options": {
        "quiet": false,
        "reportFilename": "mochawesome",
        "saveHtml": false,
        "saveJson": true,
        "consoleReporter": "spec",
        "useInlineDiffs": false,
        "code": true
      },
      "version": "7.1.3"
    },
    "marge": {
      "options": {
        "id": "default",
        "reportDir": "cypress/results/mochawesome",
        "quite": true,
        "overwrite": false,
        "html": false,
        "json": true
      },
      "version": "6.2.0"
    }
  }
}