{
  "stats": {
    "suites": 1,
    "tests": 1,
    "passes": 1,
    "pending": 0,
    "failures": 0,
    "start": "2024-03-11T12:56:24.301Z",
    "end": "2024-03-11T12:56:29.847Z",
    "duration": 5546,
    "testsRegistered": 1,
    "passPercent": 100,
    "pendingPercent": 0,
    "other": 0,
    "hasOther": false,
    "skipped": 0,
    "hasSkipped": false
  },
  "results": [
    {
      "uuid": "3ca7b5be-0106-4f0e-a64c-807b8d03965a",
      "title": "",
      "fullFile": "cypress/e2e/udemy_lessons/contactForm.cy.js",
      "file": "cypress/e2e/udemy_lessons/contactForm.cy.js",
      "beforeHooks": [],
      "afterHooks": [],
      "tests": [],
      "suites": [
        {
          "uuid": "e830c00a-8cd8-4035-b03c-fe0b42c279df",
          "title": "Contact form",
          "fullFile": "",
          "file": "",
          "beforeHooks": [],
          "afterHooks": [],
          "tests": [
            {
              "title": "submit form",
              "fullTitle": "Contact form submit form",
              "timedOut": null,
              "duration": 4260,
              "state": "passed",
              "speed": "fast",
              "pass": true,
              "fail": false,
              "pending": false,
              "context": null,
              "code": "cy.visit(\"https://www.automationteststore.com/\");\ncy.get(\"a[href$='contact']\") //$ means ends with in CSS locator ^ starts with and * contains\n.click().then(function (linkText) {\n  cy.log(\"clicked on link using text: \" + linkText.text());\n});\ncy.get(\"@user\").then(user => {\n  //cy.get(\"#ContactUsFrm_first_name\").type(user.first_name);\n  cy.xpath(\"//input[@name = 'first_name']\").type(user.first_name);\n  cy.get(\"#ContactUsFrm_email\").type(user.email);\n});\ncy.get(\"#ContactUsFrm_email\").should(\"have.attr\", \"name\", \"email\");\ncy.get(\"#ContactUsFrm_enquiry\").type(\"Do you provide...\");\ncy.get(\"button[title='Submit']\").click();\ncy.get(\".mb40 > :nth-child(3)\").should(\"have.text\", \"Your enquiry has been successfully sent to the store owner!\");",
              "err": {},
              "uuid": "bbd89cee-fedd-4977-a9ed-fba80e364f36",
              "parentUUID": "e830c00a-8cd8-4035-b03c-fe0b42c279df",
              "isHook": false,
              "skipped": false
            }
          ],
          "suites": [],
          "passes": [
            "bbd89cee-fedd-4977-a9ed-fba80e364f36"
          ],
          "failures": [],
          "pending": [],
          "skipped": [],
          "duration": 4260,
          "root": false,
          "rootEmpty": false,
          "_timeout": 2000
        }
      ],
      "passes": [],
      "failures": [],
      "pending": [],
      "skipped": [],
      "duration": 0,
      "root": true,
      "rootEmpty": true,
      "_timeout": 2000
    }
  ],
  "meta": {
    "mocha": {
      "version": "7.0.1"
    },
    "mochawesome": {
      "options": {
        "quiet": false,
        "reportFilename": "mochawesome",
        "saveHtml": false,
        "saveJson": true,
        "consoleReporter": "spec",
        "useInlineDiffs": false,
        "code": true
      },
      "version": "7.1.3"
    },
    "marge": {
      "options": {
        "id": "default",
        "reportDir": "cypress/results/mochawesome",
        "quite": true,
        "overwrite": false,
        "html": false,
        "json": true
      },
      "version": "6.2.0"
    }
  }
}