{
  "stats": {
    "suites": 1,
    "tests": 1,
    "passes": 1,
    "pending": 0,
    "failures": 0,
    "start": "2024-03-11T12:43:34.619Z",
    "end": "2024-03-11T12:43:37.586Z",
    "duration": 2967,
    "testsRegistered": 1,
    "passPercent": 100,
    "pendingPercent": 0,
    "other": 0,
    "hasOther": false,
    "skipped": 0,
    "hasSkipped": false
  },
  "results": [
    {
      "uuid": "938a4be0-1fb2-40e1-b83d-c235557f4597",
      "title": "",
      "fullFile": "cypress/e2e/udemy_lessons/alisas-and-invoke.cy.js",
      "file": "cypress/e2e/udemy_lessons/alisas-and-invoke.cy.js",
      "beforeHooks": [],
      "afterHooks": [],
      "tests": [],
      "suites": [
        {
          "uuid": "d3dc801e-26e3-4987-b218-3d868d4ad93d",
          "title": "alias and invoke",
          "fullFile": "",
          "file": "",
          "beforeHooks": [],
          "afterHooks": [],
          "tests": [
            {
              "title": "validate numbers of product and cart text",
              "fullTitle": "alias and invoke validate numbers of product and cart text",
              "timedOut": null,
              "duration": 1779,
              "state": "passed",
              "speed": "fast",
              "pass": true,
              "fail": false,
              "pending": false,
              "context": null,
              "code": "cy.visit(\"https://www.automationteststore.com/\");\ncy.get(\".thumbnail\").as(\"lengthOfProduct\");",
              "err": {},
              "uuid": "2cd23a38-bf3e-4ac7-bf31-332868ec1a55",
              "parentUUID": "d3dc801e-26e3-4987-b218-3d868d4ad93d",
              "isHook": false,
              "skipped": false
            }
          ],
          "suites": [],
          "passes": [
            "2cd23a38-bf3e-4ac7-bf31-332868ec1a55"
          ],
          "failures": [],
          "pending": [],
          "skipped": [],
          "duration": 1779,
          "root": false,
          "rootEmpty": false,
          "_timeout": 2000
        }
      ],
      "passes": [],
      "failures": [],
      "pending": [],
      "skipped": [],
      "duration": 0,
      "root": true,
      "rootEmpty": true,
      "_timeout": 2000
    }
  ],
  "meta": {
    "mocha": {
      "version": "7.0.1"
    },
    "mochawesome": {
      "options": {
        "quiet": false,
        "reportFilename": "mochawesome",
        "saveHtml": false,
        "saveJson": true,
        "consoleReporter": "spec",
        "useInlineDiffs": false,
        "code": true
      },
      "version": "7.1.3"
    },
    "marge": {
      "options": {
        "id": "default",
        "reportDir": "cypress/results/mochawesome",
        "quite": true,
        "overwrite": false,
        "html": false,
        "json": true
      },
      "version": "6.2.0"
    }
  }
}