{
  "stats": {
    "suites": 1,
    "tests": 4,
    "passes": 4,
    "pending": 0,
    "failures": 0,
    "start": "2024-03-11T12:45:51.465Z",
    "end": "2024-03-11T12:45:53.403Z",
    "duration": 1938,
    "testsRegistered": 4,
    "passPercent": 100,
    "pendingPercent": 0,
    "other": 0,
    "hasOther": false,
    "skipped": 0,
    "hasSkipped": false
  },
  "results": [
    {
      "uuid": "c7561ea1-f8d5-4321-921b-992b0491dace",
      "title": "",
      "fullFile": "cypress/e2e/udemy_lessons/mouse-actions.cy.js",
      "file": "cypress/e2e/udemy_lessons/mouse-actions.cy.js",
      "beforeHooks": [],
      "afterHooks": [],
      "tests": [],
      "suites": [
        {
          "uuid": "ffeba752-a3dc-4304-9851-486a617bb4c4",
          "title": "Test mouse actions",
          "fullFile": "",
          "file": "",
          "beforeHooks": [],
          "afterHooks": [],
          "tests": [
            {
              "title": "Scroll element into view",
              "fullTitle": "Test mouse actions Scroll element into view",
              "timedOut": null,
              "duration": 1090,
              "state": "passed",
              "speed": "fast",
              "pass": true,
              "fail": false,
              "pending": false,
              "context": null,
              "code": "cy.visit(\"https://www.webdriveruniversity.com/\");\ncy.get(\"#actions\").scrollIntoView().invoke(\"removeAttr\", \"target\").click();",
              "err": {},
              "uuid": "2a6e34d9-7ddf-463d-a3e0-dc4a304f9e38",
              "parentUUID": "ffeba752-a3dc-4304-9851-486a617bb4c4",
              "isHook": false,
              "skipped": false
            },
            {
              "title": "drag and drop",
              "fullTitle": "Test mouse actions drag and drop",
              "timedOut": null,
              "duration": 291,
              "state": "passed",
              "speed": "fast",
              "pass": true,
              "fail": false,
              "pending": false,
              "context": null,
              "code": "cy.visit(\"https://www.webdriveruniversity.com/\");\ncy.get(\"#actions\").scrollIntoView().invoke(\"removeAttr\", \"target\").click();\ncy.get(\"#draggable\").trigger(\"mousedown\", {\n  which: 1\n});\ncy.get(\"#droppable\").trigger(\"mousemove\").trigger(\"mouseup\", {\n  force: true\n});",
              "err": {},
              "uuid": "23203e65-d0ee-4be5-afaf-0ca5bb314383",
              "parentUUID": "ffeba752-a3dc-4304-9851-486a617bb4c4",
              "isHook": false,
              "skipped": false
            },
            {
              "title": "double click",
              "fullTitle": "Test mouse actions double click",
              "timedOut": null,
              "duration": 250,
              "state": "passed",
              "speed": "fast",
              "pass": true,
              "fail": false,
              "pending": false,
              "context": null,
              "code": "cy.visit(\"https://www.webdriveruniversity.com/\");\ncy.get(\"#actions\").scrollIntoView().invoke(\"removeAttr\", \"target\").click();\ncy.get(\"#double-click\").trigger(\"dblclick\");",
              "err": {},
              "uuid": "8c977989-6f60-41b0-8f39-d2ad23a78ed1",
              "parentUUID": "ffeba752-a3dc-4304-9851-486a617bb4c4",
              "isHook": false,
              "skipped": false
            },
            {
              "title": "Click and hold with assertion",
              "fullTitle": "Test mouse actions Click and hold with assertion",
              "timedOut": null,
              "duration": 252,
              "state": "passed",
              "speed": "fast",
              "pass": true,
              "fail": false,
              "pending": false,
              "context": null,
              "code": "cy.visit(\"https://www.webdriveruniversity.com/\");\ncy.get(\"#actions\").scrollIntoView().invoke(\"removeAttr\", \"target\").click();\ncy.get(\"#click-box\").trigger(\"mousedown\", {\n  which: 1\n}).then($element => {\n  expect($element).to.have.css(\"background-color\", \"rgb(0, 255, 0)\");\n});",
              "err": {},
              "uuid": "dfe01310-32fa-46a2-8226-18cae08ce03b",
              "parentUUID": "ffeba752-a3dc-4304-9851-486a617bb4c4",
              "isHook": false,
              "skipped": false
            }
          ],
          "suites": [],
          "passes": [
            "2a6e34d9-7ddf-463d-a3e0-dc4a304f9e38",
            "23203e65-d0ee-4be5-afaf-0ca5bb314383",
            "8c977989-6f60-41b0-8f39-d2ad23a78ed1",
            "dfe01310-32fa-46a2-8226-18cae08ce03b"
          ],
          "failures": [],
          "pending": [],
          "skipped": [],
          "duration": 1883,
          "root": false,
          "rootEmpty": false,
          "_timeout": 2000
        }
      ],
      "passes": [],
      "failures": [],
      "pending": [],
      "skipped": [],
      "duration": 0,
      "root": true,
      "rootEmpty": true,
      "_timeout": 2000
    }
  ],
  "meta": {
    "mocha": {
      "version": "7.0.1"
    },
    "mochawesome": {
      "options": {
        "quiet": false,
        "reportFilename": "mochawesome",
        "saveHtml": false,
        "saveJson": true,
        "consoleReporter": "spec",
        "useInlineDiffs": false,
        "code": true
      },
      "version": "7.1.3"
    },
    "marge": {
      "options": {
        "id": "default",
        "reportDir": "cypress/results/mochawesome",
        "quite": true,
        "overwrite": false,
        "html": false,
        "json": true
      },
      "version": "6.2.0"
    }
  }
}