{
  "stats": {
    "suites": 1,
    "tests": 1,
    "passes": 1,
    "pending": 0,
    "failures": 0,
    "start": "2024-03-11T12:55:50.643Z",
    "end": "2024-03-11T12:55:55.687Z",
    "duration": 5044,
    "testsRegistered": 1,
    "passPercent": 100,
    "pendingPercent": 0,
    "other": 0,
    "hasOther": false,
    "skipped": 0,
    "hasSkipped": false
  },
  "results": [
    {
      "uuid": "aafa8e07-ed28-4f33-8e9b-8a49e50968aa",
      "title": "",
      "fullFile": "cypress/e2e/udemy_lessons/add-multiple-items-to-basket.cy.js",
      "file": "cypress/e2e/udemy_lessons/add-multiple-items-to-basket.cy.js",
      "beforeHooks": [],
      "afterHooks": [],
      "tests": [],
      "suites": [
        {
          "uuid": "74f4e674-204c-4287-92ef-82ebda9f3962",
          "title": "Add multiple items to basket",
          "fullFile": "",
          "file": "",
          "beforeHooks": [],
          "afterHooks": [],
          "tests": [
            {
              "title": "Add specific items to basket",
              "fullTitle": "Add multiple items to basket Add specific items to basket",
              "timedOut": null,
              "duration": 3806,
              "state": "passed",
              "speed": "fast",
              "pass": true,
              "fail": false,
              "pending": false,
              "context": null,
              "code": "// globalThis.data.productName.forEach(function (element) {\n//   cy.addProductToBasket(element);\n// });\n// cy.get(\".dropdown-toggle > .fa\").click();\nautoStore_HairCare_Po.addHairCareProductsToBasket();",
              "err": {},
              "uuid": "156655ed-74b2-488e-b05a-4a7326319cb1",
              "parentUUID": "74f4e674-204c-4287-92ef-82ebda9f3962",
              "isHook": false,
              "skipped": false
            }
          ],
          "suites": [],
          "passes": [
            "156655ed-74b2-488e-b05a-4a7326319cb1"
          ],
          "failures": [],
          "pending": [],
          "skipped": [],
          "duration": 3806,
          "root": false,
          "rootEmpty": false,
          "_timeout": 2000
        }
      ],
      "passes": [],
      "failures": [],
      "pending": [],
      "skipped": [],
      "duration": 0,
      "root": true,
      "rootEmpty": true,
      "_timeout": 2000
    }
  ],
  "meta": {
    "mocha": {
      "version": "7.0.1"
    },
    "mochawesome": {
      "options": {
        "quiet": false,
        "reportFilename": "mochawesome",
        "saveHtml": false,
        "saveJson": true,
        "consoleReporter": "spec",
        "useInlineDiffs": false,
        "code": true
      },
      "version": "7.1.3"
    },
    "marge": {
      "options": {
        "id": "default",
        "reportDir": "cypress/results/mochawesome",
        "quite": true,
        "overwrite": false,
        "html": false,
        "json": true
      },
      "version": "6.2.0"
    }
  }
}