{
  "stats": {
    "suites": 1,
    "tests": 2,
    "passes": 2,
    "pending": 0,
    "failures": 0,
    "start": "2024-03-11T12:46:17.779Z",
    "end": "2024-03-11T12:46:20.399Z",
    "duration": 2620,
    "testsRegistered": 2,
    "passPercent": 100,
    "pendingPercent": 0,
    "other": 0,
    "hasOther": false,
    "skipped": 0,
    "hasSkipped": false
  },
  "results": [
    {
      "uuid": "eecd297e-b98f-4fd6-a50c-e4a4221871dd",
      "title": "",
      "fullFile": "cypress/e2e/udemy_lessons/upload-file.cy.js",
      "file": "cypress/e2e/udemy_lessons/upload-file.cy.js",
      "beforeHooks": [],
      "afterHooks": [],
      "tests": [],
      "suites": [
        {
          "uuid": "626a5829-92a9-49ab-b682-84c5148d4f53",
          "title": "Test File Upload via webdriveruni",
          "fullFile": "",
          "file": "",
          "beforeHooks": [],
          "afterHooks": [],
          "tests": [
            {
              "title": "Upload a file....",
              "fullTitle": "Test File Upload via webdriveruni Upload a file....",
              "timedOut": null,
              "duration": 1274,
              "state": "passed",
              "speed": "fast",
              "pass": true,
              "fail": false,
              "pending": false,
              "context": null,
              "code": "cy.visit(\"http://webdriveruniversity.com/\");\ncy.get(\"#file-upload\").invoke(\"removeAttr\", \"target\").click({\n  force: true\n});\ncy.get(\"#myFile\").selectFile(\"cypress/fixtures/istqb_Emre_Dincsoy.png\");\ncy.get(\"#submit-button\").click();",
              "err": {},
              "uuid": "03e04cd7-5ff1-4bfe-96bc-911ec70f1993",
              "parentUUID": "626a5829-92a9-49ab-b682-84c5148d4f53",
              "isHook": false,
              "skipped": false
            },
            {
              "title": "Upload NO file....",
              "fullTitle": "Test File Upload via webdriveruni Upload NO file....",
              "timedOut": null,
              "duration": 406,
              "state": "passed",
              "speed": "fast",
              "pass": true,
              "fail": false,
              "pending": false,
              "context": null,
              "code": "cy.visit(\"http://webdriveruniversity.com/\");\ncy.get(\"#file-upload\").invoke(\"removeAttr\", \"target\").click({\n  force: true\n});\ncy.get(\"#submit-button\").click();",
              "err": {},
              "uuid": "4861879f-8a30-4dba-aece-bfce1478bef5",
              "parentUUID": "626a5829-92a9-49ab-b682-84c5148d4f53",
              "isHook": false,
              "skipped": false
            }
          ],
          "suites": [],
          "passes": [
            "03e04cd7-5ff1-4bfe-96bc-911ec70f1993",
            "4861879f-8a30-4dba-aece-bfce1478bef5"
          ],
          "failures": [],
          "pending": [],
          "skipped": [],
          "duration": 1680,
          "root": false,
          "rootEmpty": false,
          "_timeout": 2000
        }
      ],
      "passes": [],
      "failures": [],
      "pending": [],
      "skipped": [],
      "duration": 0,
      "root": true,
      "rootEmpty": true,
      "_timeout": 2000
    }
  ],
  "meta": {
    "mocha": {
      "version": "7.0.1"
    },
    "mochawesome": {
      "options": {
        "quiet": false,
        "reportFilename": "mochawesome",
        "saveHtml": false,
        "saveJson": true,
        "consoleReporter": "spec",
        "useInlineDiffs": false,
        "code": true
      },
      "version": "7.1.3"
    },
    "marge": {
      "options": {
        "id": "default",
        "reportDir": "cypress/results/mochawesome",
        "quite": true,
        "overwrite": false,
        "html": false,
        "json": true
      },
      "version": "6.2.0"
    }
  }
}