{
  "stats": {
    "suites": 1,
    "tests": 5,
    "passes": 5,
    "pending": 0,
    "failures": 0,
    "start": "2024-03-11T12:44:03.196Z",
    "end": "2024-03-11T12:44:06.536Z",
    "duration": 3340,
    "testsRegistered": 5,
    "passPercent": 100,
    "pendingPercent": 0,
    "other": 0,
    "hasOther": false,
    "skipped": 0,
    "hasSkipped": false
  },
  "results": [
    {
      "uuid": "e7c06faf-ddb5-4a09-b25c-f663c558f0d7",
      "title": "",
      "fullFile": "cypress/e2e/udemy_lessons/checkbox-radioButtons.cy.js",
      "file": "cypress/e2e/udemy_lessons/checkbox-radioButtons.cy.js",
      "beforeHooks": [],
      "afterHooks": [],
      "tests": [],
      "suites": [
        {
          "uuid": "f5e1c797-8270-48b9-ba92-d645acffba99",
          "title": "Verify checkboxes viw webdriveruni",
          "fullFile": "",
          "file": "",
          "beforeHooks": [],
          "afterHooks": [],
          "tests": [
            {
              "title": "check and validate cheeckboxes",
              "fullTitle": "Verify checkboxes viw webdriveruni check and validate cheeckboxes",
              "timedOut": null,
              "duration": 1852,
              "state": "passed",
              "speed": "fast",
              "pass": true,
              "fail": false,
              "pending": false,
              "context": null,
              "code": "// cy.get(\"#checkboxes > :nth-child(1) > input\").check();\n// cy.get(\"#checkboxes > :nth-child(1) > input\").check().should(\"be.checked\");  //should(\"not.be.checked\")\ncy.get(\"#checkboxes > :nth-child(1) > input\").as(\"option-1\");\ncy.get(\"@option-1\").check();\ncy.get(\"@option-1\").should(\"be.checked\");",
              "err": {},
              "uuid": "b36bb18d-2d90-41d1-b222-0f89a28fafba",
              "parentUUID": "f5e1c797-8270-48b9-ba92-d645acffba99",
              "isHook": false,
              "skipped": false
            },
            {
              "title": "uncheck and validate cheeckbox",
              "fullTitle": "Verify checkboxes viw webdriveruni uncheck and validate cheeckbox",
              "timedOut": null,
              "duration": 298,
              "state": "passed",
              "speed": "fast",
              "pass": true,
              "fail": false,
              "pending": false,
              "context": null,
              "code": "cy.get(\":nth-child(5) > input\").as(\"option-3\");\ncy.get(\"@option-3\").uncheck().should(\"not.be.checked\");\n//cy.get(\"@option-3\").should(\"not.be.checked\");",
              "err": {},
              "uuid": "4a9bdbcf-44b2-452c-a069-bfdc95111bb4",
              "parentUUID": "f5e1c797-8270-48b9-ba92-d645acffba99",
              "isHook": false,
              "skipped": false
            },
            {
              "title": "check multiple cheeckboxes",
              "fullTitle": "Verify checkboxes viw webdriveruni check multiple cheeckboxes",
              "timedOut": null,
              "duration": 452,
              "state": "passed",
              "speed": "fast",
              "pass": true,
              "fail": false,
              "pending": false,
              "context": null,
              "code": "cy.get(\"[type=checkbox]\").check([\"option-1\", \"option-2\", \"option-3\", \"option-4\"]).should(\"be.checked\");",
              "err": {},
              "uuid": "72d057aa-1f3b-46ac-bf96-4c61a480a8f3",
              "parentUUID": "f5e1c797-8270-48b9-ba92-d645acffba99",
              "isHook": false,
              "skipped": false
            },
            {
              "title": "Validate radio buttons",
              "fullTitle": "Verify checkboxes viw webdriveruni Validate radio buttons",
              "timedOut": null,
              "duration": 374,
              "state": "passed",
              "speed": "fast",
              "pass": true,
              "fail": false,
              "pending": false,
              "context": null,
              "code": "//cy.get(\"[value=green]\").check();\ncy.get(\"#radio-buttons\").find(\"[type='radio']\").first().check();\ncy.get(\"#radio-buttons\").find(\"[type='radio']\").eq(1).check();",
              "err": {},
              "uuid": "b1c0c192-6375-4421-b0bb-a5379b8ba34f",
              "parentUUID": "f5e1c797-8270-48b9-ba92-d645acffba99",
              "isHook": false,
              "skipped": false
            },
            {
              "title": "Validate the states of specific button",
              "fullTitle": "Verify checkboxes viw webdriveruni Validate the states of specific button",
              "timedOut": null,
              "duration": 291,
              "state": "passed",
              "speed": "fast",
              "pass": true,
              "fail": false,
              "pending": false,
              "context": null,
              "code": "cy.get(\"[value='lettuce']\").should(\"not.be.checked\");\ncy.get(\"[value='pumpkin']\").should(\"be.checked\");\ncy.get(\"[value='lettuce']\").check().should(\"be.checked\");\ncy.get(\"[value='cabbage']\").should(\"be.disabled\");",
              "err": {},
              "uuid": "84eac794-281b-417e-83e9-349305d169da",
              "parentUUID": "f5e1c797-8270-48b9-ba92-d645acffba99",
              "isHook": false,
              "skipped": false
            }
          ],
          "suites": [],
          "passes": [
            "b36bb18d-2d90-41d1-b222-0f89a28fafba",
            "4a9bdbcf-44b2-452c-a069-bfdc95111bb4",
            "72d057aa-1f3b-46ac-bf96-4c61a480a8f3",
            "b1c0c192-6375-4421-b0bb-a5379b8ba34f",
            "84eac794-281b-417e-83e9-349305d169da"
          ],
          "failures": [],
          "pending": [],
          "skipped": [],
          "duration": 3267,
          "root": false,
          "rootEmpty": false,
          "_timeout": 2000
        }
      ],
      "passes": [],
      "failures": [],
      "pending": [],
      "skipped": [],
      "duration": 0,
      "root": true,
      "rootEmpty": true,
      "_timeout": 2000
    }
  ],
  "meta": {
    "mocha": {
      "version": "7.0.1"
    },
    "mochawesome": {
      "options": {
        "quiet": false,
        "reportFilename": "mochawesome",
        "saveHtml": false,
        "saveJson": true,
        "consoleReporter": "spec",
        "useInlineDiffs": false,
        "code": true
      },
      "version": "7.1.3"
    },
    "marge": {
      "options": {
        "id": "default",
        "reportDir": "cypress/results/mochawesome",
        "quite": true,
        "overwrite": false,
        "html": false,
        "json": true
      },
      "version": "6.2.0"
    }
  }
}