{
  "stats": {
    "suites": 1,
    "tests": 1,
    "passes": 1,
    "pending": 0,
    "failures": 0,
    "start": "2024-03-09T17:43:29.532Z",
    "end": "2024-03-09T17:43:35.173Z",
    "duration": 5641,
    "testsRegistered": 1,
    "passPercent": 100,
    "pendingPercent": 0,
    "other": 0,
    "hasOther": false,
    "skipped": 0,
    "hasSkipped": false
  },
  "results": [
    {
      "uuid": "b4333b07-82e4-491b-92df-35a019f33251",
      "title": "",
      "fullFile": "cypress/e2e/udemy_lessons/add-multiple-items-to-basket.cy.js",
      "file": "cypress/e2e/udemy_lessons/add-multiple-items-to-basket.cy.js",
      "beforeHooks": [],
      "afterHooks": [],
      "tests": [],
      "suites": [
        {
          "uuid": "98157cf1-4938-48ad-a152-a6c3827f53df",
          "title": "Add multiple items to basket",
          "fullFile": "",
          "file": "",
          "beforeHooks": [],
          "afterHooks": [],
          "tests": [
            {
              "title": "Add specific items to basket",
              "fullTitle": "Add multiple items to basket Add specific items to basket",
              "timedOut": null,
              "duration": 4354,
              "state": "passed",
              "speed": "fast",
              "pass": true,
              "fail": false,
              "pending": false,
              "context": null,
              "code": "// globalThis.data.productName.forEach(function (element) {\n//   cy.addProductToBasket(element);\n// });\n// cy.get(\".dropdown-toggle > .fa\").click();\nautoStore_HairCare_Po.addHairCareProductsToBasket();",
              "err": {},
              "uuid": "03a706a3-7c93-4d70-858c-a47c03925066",
              "parentUUID": "98157cf1-4938-48ad-a152-a6c3827f53df",
              "isHook": false,
              "skipped": false
            }
          ],
          "suites": [],
          "passes": [
            "03a706a3-7c93-4d70-858c-a47c03925066"
          ],
          "failures": [],
          "pending": [],
          "skipped": [],
          "duration": 4354,
          "root": false,
          "rootEmpty": false,
          "_timeout": 2000
        }
      ],
      "passes": [],
      "failures": [],
      "pending": [],
      "skipped": [],
      "duration": 0,
      "root": true,
      "rootEmpty": true,
      "_timeout": 2000
    }
  ],
  "meta": {
    "mocha": {
      "version": "7.0.1"
    },
    "mochawesome": {
      "options": {
        "quiet": false,
        "reportFilename": "mochawesome",
        "saveHtml": false,
        "saveJson": true,
        "consoleReporter": "spec",
        "useInlineDiffs": false,
        "code": true
      },
      "version": "7.1.3"
    },
    "marge": {
      "options": {
        "id": "default",
        "reportDir": "cypress/results/mochawesome",
        "quite": true,
        "overwrite": false,
        "html": false,
        "json": true
      },
      "version": "6.2.0"
    }
  }
}