{
  "stats": {
    "suites": 1,
    "tests": 1,
    "passes": 1,
    "pending": 0,
    "failures": 0,
    "start": "2024-03-11T12:56:43.437Z",
    "end": "2024-03-11T12:56:47.600Z",
    "duration": 4163,
    "testsRegistered": 1,
    "passPercent": 100,
    "pendingPercent": 0,
    "other": 0,
    "hasOther": false,
    "skipped": 0,
    "hasSkipped": false
  },
  "results": [
    {
      "uuid": "4a4b26fe-fae8-4f7b-9890-8f989b7b3e2a",
      "title": "",
      "fullFile": "cypress/e2e/udemy_lessons/inspect.cy.js",
      "file": "cypress/e2e/udemy_lessons/inspect.cy.js",
      "beforeHooks": [],
      "afterHooks": [],
      "tests": [],
      "suites": [
        {
          "uuid": "9144c137-00cf-4f0b-8e33-d5f7da2771d6",
          "title": "Inspect Automation Test Store items using chain of commans",
          "fullFile": "",
          "file": "",
          "beforeHooks": [],
          "afterHooks": [],
          "tests": [
            {
              "title": "Click on the first item using index",
              "fullTitle": "Inspect Automation Test Store items using chain of commans Click on the first item using index",
              "timedOut": null,
              "duration": 3016,
              "state": "passed",
              "speed": "fast",
              "pass": true,
              "fail": false,
              "pending": false,
              "context": null,
              "code": "cy.visit(\"https://www.automationteststore.com\");\ncy.get(\".fixed_wrapper\").find(\".prdocutname\").eq(0).click();",
              "err": {},
              "uuid": "4b95e02d-c6c9-40e7-9a49-a47158934e64",
              "parentUUID": "9144c137-00cf-4f0b-8e33-d5f7da2771d6",
              "isHook": false,
              "skipped": false
            }
          ],
          "suites": [],
          "passes": [
            "4b95e02d-c6c9-40e7-9a49-a47158934e64"
          ],
          "failures": [],
          "pending": [],
          "skipped": [],
          "duration": 3016,
          "root": false,
          "rootEmpty": false,
          "_timeout": 2000
        }
      ],
      "passes": [],
      "failures": [],
      "pending": [],
      "skipped": [],
      "duration": 0,
      "root": true,
      "rootEmpty": true,
      "_timeout": 2000
    }
  ],
  "meta": {
    "mocha": {
      "version": "7.0.1"
    },
    "mochawesome": {
      "options": {
        "quiet": false,
        "reportFilename": "mochawesome",
        "saveHtml": false,
        "saveJson": true,
        "consoleReporter": "spec",
        "useInlineDiffs": false,
        "code": true
      },
      "version": "7.1.3"
    },
    "marge": {
      "options": {
        "id": "default",
        "reportDir": "cypress/results/mochawesome",
        "quite": true,
        "overwrite": false,
        "html": false,
        "json": true
      },
      "version": "6.2.0"
    }
  }
}