{
  "stats": {
    "suites": 1,
    "tests": 1,
    "passes": 1,
    "pending": 0,
    "failures": 0,
    "start": "2024-03-11T12:46:27.492Z",
    "end": "2024-03-11T12:46:30.747Z",
    "duration": 3255,
    "testsRegistered": 1,
    "passPercent": 100,
    "pendingPercent": 0,
    "other": 0,
    "hasOther": false,
    "skipped": 0,
    "hasSkipped": false
  },
  "results": [
    {
      "uuid": "7e9c5da6-264a-4e9f-9094-3b066e58fb96",
      "title": "",
      "fullFile": "cypress/e2e/udemy_lessons/variable-and-cy-commands.cy.js",
      "file": "cypress/e2e/udemy_lessons/variable-and-cy-commands.cy.js",
      "beforeHooks": [],
      "afterHooks": [],
      "tests": [],
      "suites": [
        {
          "uuid": "7ea954f4-a06e-436a-acc8-262aefd192f3",
          "title": "verifying variables,cypress commands and jquery commands",
          "fullFile": "",
          "file": "",
          "beforeHooks": [],
          "afterHooks": [],
          "tests": [
            {
              "title": "contact form work",
              "fullTitle": "verifying variables,cypress commands and jquery commands contact form work",
              "timedOut": null,
              "duration": 2092,
              "state": "passed",
              "speed": "fast",
              "pass": true,
              "fail": false,
              "pending": false,
              "context": null,
              "code": "cy.visit(\"https://automationteststore.com/index.php?rt=product/category&path=52\");\ncy.get(\".fixed_wrapper .prdocutname\").each(($el, index, $list) => {\n  if ($el.text().includes(\"Eau Parfumee au The Vert Shampoo\")) {\n    cy.wrap($el).click();\n  }\n});",
              "err": {},
              "uuid": "c88c25c9-465b-4d61-ad81-bd238f12ad15",
              "parentUUID": "7ea954f4-a06e-436a-acc8-262aefd192f3",
              "isHook": false,
              "skipped": false
            }
          ],
          "suites": [],
          "passes": [
            "c88c25c9-465b-4d61-ad81-bd238f12ad15"
          ],
          "failures": [],
          "pending": [],
          "skipped": [],
          "duration": 2092,
          "root": false,
          "rootEmpty": false,
          "_timeout": 2000
        }
      ],
      "passes": [],
      "failures": [],
      "pending": [],
      "skipped": [],
      "duration": 0,
      "root": true,
      "rootEmpty": true,
      "_timeout": 2000
    }
  ],
  "meta": {
    "mocha": {
      "version": "7.0.1"
    },
    "mochawesome": {
      "options": {
        "quiet": false,
        "reportFilename": "mochawesome",
        "saveHtml": false,
        "saveJson": true,
        "consoleReporter": "spec",
        "useInlineDiffs": false,
        "code": true
      },
      "version": "7.1.3"
    },
    "marge": {
      "options": {
        "id": "default",
        "reportDir": "cypress/results/mochawesome",
        "quite": true,
        "overwrite": false,
        "html": false,
        "json": true
      },
      "version": "6.2.0"
    }
  }
}