{
  "stats": {
    "suites": 1,
    "tests": 4,
    "passes": 4,
    "pending": 0,
    "failures": 0,
    "start": "2024-03-28T15:16:57.324Z",
    "end": "2024-03-28T15:17:03.185Z",
    "duration": 5861,
    "testsRegistered": 4,
    "passPercent": 100,
    "pendingPercent": 0,
    "other": 0,
    "hasOther": false,
    "skipped": 0,
    "hasSkipped": false
  },
  "results": [
    {
      "uuid": "faa1c5d2-272c-4c24-9fa2-3dc521e74b5b",
      "title": "",
      "fullFile": "cypress/e2e/udemy_lessons/features/login.feature",
      "file": "cypress/e2e/udemy_lessons/features/login.feature",
      "beforeHooks": [],
      "afterHooks": [],
      "tests": [],
      "suites": [
        {
          "uuid": "6edc16cc-a45f-4ebb-b90e-2ea032b6d9e2",
          "title": "WebdriverUniversity Login Page",
          "fullFile": "",
          "file": "",
          "beforeHooks": [],
          "afterHooks": [],
          "tests": [
            {
              "title": "Login using valid credentials",
              "fullTitle": "WebdriverUniversity Login Page Login using valid credentials",
              "timedOut": null,
              "duration": 2444,
              "state": "passed",
              "speed": "fast",
              "pass": true,
              "fail": false,
              "pending": false,
              "context": null,
              "code": "const state = window.testState;\nreturn cy\n  .then(() => state.onStartScenario(scenario, indexedSteps))\n  .then(() =>\n    resolveAndRunBeforeHooks.call(this, scenario.tags, state.feature.name)\n  )\n  .then(() =>\n    indexedSteps.forEach((step) =>\n      stepTest.call(this, state, step, rowData)\n    )\n  )\n  .then(() => state.onFinishScenario(scenario));",
              "err": {},
              "uuid": "c1830d5b-4a7e-4506-93fb-67bcfb70bc64",
              "parentUUID": "6edc16cc-a45f-4ebb-b90e-2ea032b6d9e2",
              "isHook": false,
              "skipped": false
            },
            {
              "title": "Login using invalid credentials",
              "fullTitle": "WebdriverUniversity Login Page Login using invalid credentials",
              "timedOut": null,
              "duration": 909,
              "state": "passed",
              "speed": "fast",
              "pass": true,
              "fail": false,
              "pending": false,
              "context": null,
              "code": "const state = window.testState;\nreturn cy\n  .then(() => state.onStartScenario(scenario, indexedSteps))\n  .then(() =>\n    resolveAndRunBeforeHooks.call(this, scenario.tags, state.feature.name)\n  )\n  .then(() =>\n    indexedSteps.forEach((step) =>\n      stepTest.call(this, state, step, rowData)\n    )\n  )\n  .then(() => state.onFinishScenario(scenario));",
              "err": {},
              "uuid": "714ddd36-bc3d-474d-8ed6-164267902ac7",
              "parentUUID": "6edc16cc-a45f-4ebb-b90e-2ea032b6d9e2",
              "isHook": false,
              "skipped": false
            },
            {
              "title": "Test Login via WebdriverUniversity Login Portal (example #1)",
              "fullTitle": "WebdriverUniversity Login Page Test Login via WebdriverUniversity Login Portal (example #1)",
              "timedOut": null,
              "duration": 1162,
              "state": "passed",
              "speed": "fast",
              "pass": true,
              "fail": false,
              "pending": false,
              "context": null,
              "code": "const state = window.testState;\nreturn cy\n  .then(() => state.onStartScenario(scenario, indexedSteps))\n  .then(() =>\n    resolveAndRunBeforeHooks.call(this, scenario.tags, state.feature.name)\n  )\n  .then(() =>\n    indexedSteps.forEach((step) =>\n      stepTest.call(this, state, step, rowData)\n    )\n  )\n  .then(() => state.onFinishScenario(scenario));",
              "err": {},
              "uuid": "1de2e6a3-ede5-4a4a-81d2-413bb4723178",
              "parentUUID": "6edc16cc-a45f-4ebb-b90e-2ea032b6d9e2",
              "isHook": false,
              "skipped": false
            },
            {
              "title": "Test Login via WebdriverUniversity Login Portal (example #2)",
              "fullTitle": "WebdriverUniversity Login Page Test Login via WebdriverUniversity Login Portal (example #2)",
              "timedOut": null,
              "duration": 1288,
              "state": "passed",
              "speed": "fast",
              "pass": true,
              "fail": false,
              "pending": false,
              "context": null,
              "code": "const state = window.testState;\nreturn cy\n  .then(() => state.onStartScenario(scenario, indexedSteps))\n  .then(() =>\n    resolveAndRunBeforeHooks.call(this, scenario.tags, state.feature.name)\n  )\n  .then(() =>\n    indexedSteps.forEach((step) =>\n      stepTest.call(this, state, step, rowData)\n    )\n  )\n  .then(() => state.onFinishScenario(scenario));",
              "err": {},
              "uuid": "914afa50-f88e-4f8c-a9a4-f9fa5f96b316",
              "parentUUID": "6edc16cc-a45f-4ebb-b90e-2ea032b6d9e2",
              "isHook": false,
              "skipped": false
            }
          ],
          "suites": [],
          "passes": [
            "c1830d5b-4a7e-4506-93fb-67bcfb70bc64",
            "714ddd36-bc3d-474d-8ed6-164267902ac7",
            "1de2e6a3-ede5-4a4a-81d2-413bb4723178",
            "914afa50-f88e-4f8c-a9a4-f9fa5f96b316"
          ],
          "failures": [],
          "pending": [],
          "skipped": [],
          "duration": 5803,
          "root": false,
          "rootEmpty": false,
          "_timeout": 2000
        }
      ],
      "passes": [],
      "failures": [],
      "pending": [],
      "skipped": [],
      "duration": 0,
      "root": true,
      "rootEmpty": true,
      "_timeout": 2000
    }
  ],
  "meta": {
    "mocha": {
      "version": "7.0.1"
    },
    "mochawesome": {
      "options": {
        "quiet": false,
        "reportFilename": "mochawesome",
        "saveHtml": false,
        "saveJson": true,
        "consoleReporter": "spec",
        "useInlineDiffs": false,
        "code": true
      },
      "version": "7.1.3"
    },
    "marge": {
      "options": {
        "id": "default",
        "reportDir": "cypress/results/mochawesome",
        "quite": true,
        "overwrite": false,
        "html": false,
        "json": true
      },
      "version": "6.2.0"
    }
  }
}