{
  "stats": {
    "suites": 1,
    "tests": 5,
    "passes": 5,
    "pending": 0,
    "failures": 0,
    "start": "2024-03-10T17:21:53.577Z",
    "end": "2024-03-10T17:21:57.197Z",
    "duration": 3620,
    "testsRegistered": 5,
    "passPercent": 100,
    "pendingPercent": 0,
    "other": 0,
    "hasOther": false,
    "skipped": 0,
    "hasSkipped": false
  },
  "results": [
    {
      "uuid": "d3b5d69c-0cee-4cdc-b83e-e10bc37ccbf1",
      "title": "",
      "fullFile": "cypress/e2e/udemy_lessons/checkbox-radioButtons.cy.js",
      "file": "cypress/e2e/udemy_lessons/checkbox-radioButtons.cy.js",
      "beforeHooks": [],
      "afterHooks": [],
      "tests": [],
      "suites": [
        {
          "uuid": "207d3048-7cec-45be-9e01-cc46f843b6ff",
          "title": "Verify checkboxes viw webdriveruni",
          "fullFile": "",
          "file": "",
          "beforeHooks": [],
          "afterHooks": [],
          "tests": [
            {
              "title": "check and validate cheeckboxes",
              "fullTitle": "Verify checkboxes viw webdriveruni check and validate cheeckboxes",
              "timedOut": null,
              "duration": 2044,
              "state": "passed",
              "speed": "fast",
              "pass": true,
              "fail": false,
              "pending": false,
              "context": null,
              "code": "// cy.get(\"#checkboxes > :nth-child(1) > input\").check();\n// cy.get(\"#checkboxes > :nth-child(1) > input\").check().should(\"be.checked\");  //should(\"not.be.checked\")\ncy.get(\"#checkboxes > :nth-child(1) > input\").as(\"option-1\");\ncy.get(\"@option-1\").check();\ncy.get(\"@option-1\").should(\"be.checked\");",
              "err": {},
              "uuid": "390bd455-620a-4201-bc42-ccbf2fa4a7c7",
              "parentUUID": "207d3048-7cec-45be-9e01-cc46f843b6ff",
              "isHook": false,
              "skipped": false
            },
            {
              "title": "uncheck and validate cheeckbox",
              "fullTitle": "Verify checkboxes viw webdriveruni uncheck and validate cheeckbox",
              "timedOut": null,
              "duration": 321,
              "state": "passed",
              "speed": "fast",
              "pass": true,
              "fail": false,
              "pending": false,
              "context": null,
              "code": "cy.get(\":nth-child(5) > input\").as(\"option-3\");\ncy.get(\"@option-3\").uncheck().should(\"not.be.checked\");\n//cy.get(\"@option-3\").should(\"not.be.checked\");",
              "err": {},
              "uuid": "1ac2600b-0f3d-4c7d-b25c-5681854066ba",
              "parentUUID": "207d3048-7cec-45be-9e01-cc46f843b6ff",
              "isHook": false,
              "skipped": false
            },
            {
              "title": "check multiple cheeckboxes",
              "fullTitle": "Verify checkboxes viw webdriveruni check multiple cheeckboxes",
              "timedOut": null,
              "duration": 463,
              "state": "passed",
              "speed": "fast",
              "pass": true,
              "fail": false,
              "pending": false,
              "context": null,
              "code": "cy.get(\"[type=checkbox]\").check([\"option-1\", \"option-2\", \"option-3\", \"option-4\"]).should(\"be.checked\");",
              "err": {},
              "uuid": "a1012cec-2c7d-41d1-be14-646e4c117540",
              "parentUUID": "207d3048-7cec-45be-9e01-cc46f843b6ff",
              "isHook": false,
              "skipped": false
            },
            {
              "title": "Validate radio buttons",
              "fullTitle": "Verify checkboxes viw webdriveruni Validate radio buttons",
              "timedOut": null,
              "duration": 386,
              "state": "passed",
              "speed": "fast",
              "pass": true,
              "fail": false,
              "pending": false,
              "context": null,
              "code": "//cy.get(\"[value=green]\").check();\ncy.get(\"#radio-buttons\").find(\"[type='radio']\").first().check();\ncy.get(\"#radio-buttons\").find(\"[type='radio']\").eq(1).check();",
              "err": {},
              "uuid": "9ccc0d06-cc36-4c97-9c3c-3eaba206f145",
              "parentUUID": "207d3048-7cec-45be-9e01-cc46f843b6ff",
              "isHook": false,
              "skipped": false
            },
            {
              "title": "Validate the states of specific button",
              "fullTitle": "Verify checkboxes viw webdriveruni Validate the states of specific button",
              "timedOut": null,
              "duration": 326,
              "state": "passed",
              "speed": "fast",
              "pass": true,
              "fail": false,
              "pending": false,
              "context": null,
              "code": "cy.get(\"[value='lettuce']\").should(\"not.be.checked\");\ncy.get(\"[value='pumpkin']\").should(\"be.checked\");\ncy.get(\"[value='lettuce']\").check().should(\"be.checked\");\ncy.get(\"[value='cabbage']\").should(\"be.disabled\");",
              "err": {},
              "uuid": "1bd35c92-b459-4bbd-8f87-eee1e97e3c01",
              "parentUUID": "207d3048-7cec-45be-9e01-cc46f843b6ff",
              "isHook": false,
              "skipped": false
            }
          ],
          "suites": [],
          "passes": [
            "390bd455-620a-4201-bc42-ccbf2fa4a7c7",
            "1ac2600b-0f3d-4c7d-b25c-5681854066ba",
            "a1012cec-2c7d-41d1-be14-646e4c117540",
            "9ccc0d06-cc36-4c97-9c3c-3eaba206f145",
            "1bd35c92-b459-4bbd-8f87-eee1e97e3c01"
          ],
          "failures": [],
          "pending": [],
          "skipped": [],
          "duration": 3540,
          "root": false,
          "rootEmpty": false,
          "_timeout": 2000
        }
      ],
      "passes": [],
      "failures": [],
      "pending": [],
      "skipped": [],
      "duration": 0,
      "root": true,
      "rootEmpty": true,
      "_timeout": 2000
    }
  ],
  "meta": {
    "mocha": {
      "version": "7.0.1"
    },
    "mochawesome": {
      "options": {
        "quiet": false,
        "reportFilename": "mochawesome",
        "saveHtml": false,
        "saveJson": true,
        "consoleReporter": "spec",
        "useInlineDiffs": false,
        "code": true
      },
      "version": "7.1.3"
    },
    "marge": {
      "options": {
        "id": "default",
        "reportDir": "cypress/results/mochawesome",
        "quite": true,
        "overwrite": false,
        "html": false,
        "json": true
      },
      "version": "6.2.0"
    }
  }
}