{
  "stats": {
    "suites": 1,
    "tests": 1,
    "passes": 1,
    "pending": 0,
    "failures": 0,
    "start": "2024-03-09T17:44:39.570Z",
    "end": "2024-03-09T17:44:41.293Z",
    "duration": 1723,
    "testsRegistered": 1,
    "passPercent": 100,
    "pendingPercent": 0,
    "other": 0,
    "hasOther": false,
    "skipped": 0,
    "hasSkipped": false
  },
  "results": [
    {
      "uuid": "33d8d328-a412-42c5-8028-df79f47a0710",
      "title": "",
      "fullFile": "cypress/e2e/udemy_lessons/select-dropdown-list.cy.js",
      "file": "cypress/e2e/udemy_lessons/select-dropdown-list.cy.js",
      "beforeHooks": [],
      "afterHooks": [],
      "tests": [],
      "suites": [
        {
          "uuid": "e356467c-b9ca-44ba-a109-c48beae69307",
          "title": "Interact with dropdown list",
          "fullFile": "",
          "file": "",
          "beforeHooks": [],
          "afterHooks": [],
          "tests": [
            {
              "title": "Select specific values via select dropdown lists",
              "fullTitle": "Interact with dropdown list Select specific values via select dropdown lists",
              "timedOut": null,
              "duration": 1669,
              "state": "passed",
              "speed": "fast",
              "pass": true,
              "fail": false,
              "pending": false,
              "context": null,
              "code": "cy.visit(\"https://www.webdriveruniversity.com/\");\ncy.get(\"#dropdown-checkboxes-radiobuttons\").invoke(\"removeAttr\", \"target\").click();\ncy.get(\"#dropdowm-menu-1\").select(\"c#\"); // attribute value\ncy.get(\"#dropdowm-menu-2\").select(\"testng\").should(\"have.value\", \"testng\"); //text value\ncy.get(\"#dropdowm-menu-3\").select(\"JQuery\").contains(\"JQuery\");\ncy.get(\"#dropdowm-menu-2\").select(\"maven\").should(\"have.value\", \"maven\"); // attribute value\ncy.get(\"#dropdowm-menu-2\").select(\"junit\").contains(\"JUnit\"); //text valuegit",
              "err": {},
              "uuid": "a6d98913-59e8-4160-9e42-fa25c26bdbc0",
              "parentUUID": "e356467c-b9ca-44ba-a109-c48beae69307",
              "isHook": false,
              "skipped": false
            }
          ],
          "suites": [],
          "passes": [
            "a6d98913-59e8-4160-9e42-fa25c26bdbc0"
          ],
          "failures": [],
          "pending": [],
          "skipped": [],
          "duration": 1669,
          "root": false,
          "rootEmpty": false,
          "_timeout": 2000
        }
      ],
      "passes": [],
      "failures": [],
      "pending": [],
      "skipped": [],
      "duration": 0,
      "root": true,
      "rootEmpty": true,
      "_timeout": 2000
    }
  ],
  "meta": {
    "mocha": {
      "version": "7.0.1"
    },
    "mochawesome": {
      "options": {
        "quiet": false,
        "reportFilename": "mochawesome",
        "saveHtml": false,
        "saveJson": true,
        "consoleReporter": "spec",
        "useInlineDiffs": false,
        "code": true
      },
      "version": "7.1.3"
    },
    "marge": {
      "options": {
        "id": "default",
        "reportDir": "cypress/results/mochawesome",
        "quite": true,
        "overwrite": false,
        "html": false,
        "json": true
      },
      "version": "6.2.0"
    }
  }
}