{
  "stats": {
    "suites": 1,
    "tests": 2,
    "passes": 2,
    "pending": 0,
    "failures": 0,
    "start": "2024-03-11T12:57:00.150Z",
    "end": "2024-03-11T12:57:02.444Z",
    "duration": 2294,
    "testsRegistered": 2,
    "passPercent": 100,
    "pendingPercent": 0,
    "other": 0,
    "hasOther": false,
    "skipped": 0,
    "hasSkipped": false
  },
  "results": [
    {
      "uuid": "c2b8570b-146f-4ef6-8a55-fba30fa6fee5",
      "title": "",
      "fullFile": "cypress/e2e/udemy_lessons/upload-file.cy.js",
      "file": "cypress/e2e/udemy_lessons/upload-file.cy.js",
      "beforeHooks": [],
      "afterHooks": [],
      "tests": [],
      "suites": [
        {
          "uuid": "ad521298-9a66-4f64-9504-c53f6140fdc8",
          "title": "Test File Upload via webdriveruni",
          "fullFile": "",
          "file": "",
          "beforeHooks": [],
          "afterHooks": [],
          "tests": [
            {
              "title": "Upload a file....",
              "fullTitle": "Test File Upload via webdriveruni Upload a file....",
              "timedOut": null,
              "duration": 1103,
              "state": "passed",
              "speed": "fast",
              "pass": true,
              "fail": false,
              "pending": false,
              "context": null,
              "code": "cy.visit(\"http://webdriveruniversity.com/\");\ncy.get(\"#file-upload\").invoke(\"removeAttr\", \"target\").click({\n  force: true\n});\ncy.get(\"#myFile\").selectFile(\"cypress/fixtures/istqb_Emre_Dincsoy.png\");\ncy.get(\"#submit-button\").click();",
              "err": {},
              "uuid": "a108a50c-a869-4c0b-bc65-d4499aaed78d",
              "parentUUID": "ad521298-9a66-4f64-9504-c53f6140fdc8",
              "isHook": false,
              "skipped": false
            },
            {
              "title": "Upload NO file....",
              "fullTitle": "Test File Upload via webdriveruni Upload NO file....",
              "timedOut": null,
              "duration": 315,
              "state": "passed",
              "speed": "fast",
              "pass": true,
              "fail": false,
              "pending": false,
              "context": null,
              "code": "cy.visit(\"http://webdriveruniversity.com/\");\ncy.get(\"#file-upload\").invoke(\"removeAttr\", \"target\").click({\n  force: true\n});\ncy.get(\"#submit-button\").click();",
              "err": {},
              "uuid": "450f8250-36d8-431e-8da0-af03264c6e97",
              "parentUUID": "ad521298-9a66-4f64-9504-c53f6140fdc8",
              "isHook": false,
              "skipped": false
            }
          ],
          "suites": [],
          "passes": [
            "a108a50c-a869-4c0b-bc65-d4499aaed78d",
            "450f8250-36d8-431e-8da0-af03264c6e97"
          ],
          "failures": [],
          "pending": [],
          "skipped": [],
          "duration": 1418,
          "root": false,
          "rootEmpty": false,
          "_timeout": 2000
        }
      ],
      "passes": [],
      "failures": [],
      "pending": [],
      "skipped": [],
      "duration": 0,
      "root": true,
      "rootEmpty": true,
      "_timeout": 2000
    }
  ],
  "meta": {
    "mocha": {
      "version": "7.0.1"
    },
    "mochawesome": {
      "options": {
        "quiet": false,
        "reportFilename": "mochawesome",
        "saveHtml": false,
        "saveJson": true,
        "consoleReporter": "spec",
        "useInlineDiffs": false,
        "code": true
      },
      "version": "7.1.3"
    },
    "marge": {
      "options": {
        "id": "default",
        "reportDir": "cypress/results/mochawesome",
        "quite": true,
        "overwrite": false,
        "html": false,
        "json": true
      },
      "version": "6.2.0"
    }
  }
}