{
  "stats": {
    "suites": 1,
    "tests": 4,
    "passes": 4,
    "pending": 0,
    "failures": 0,
    "start": "2024-03-28T15:15:09.317Z",
    "end": "2024-03-28T15:15:15.474Z",
    "duration": 6157,
    "testsRegistered": 4,
    "passPercent": 100,
    "pendingPercent": 0,
    "other": 0,
    "hasOther": false,
    "skipped": 0,
    "hasSkipped": false
  },
  "results": [
    {
      "uuid": "f22badef-6767-4708-afd2-f8dcf21faf42",
      "title": "",
      "fullFile": "cypress/e2e/udemy_lessons/features/login.feature",
      "file": "cypress/e2e/udemy_lessons/features/login.feature",
      "beforeHooks": [],
      "afterHooks": [],
      "tests": [],
      "suites": [
        {
          "uuid": "0137bb4e-0223-43fc-83ff-a79ddd7dc36f",
          "title": "WebdriverUniversity Login Page",
          "fullFile": "",
          "file": "",
          "beforeHooks": [],
          "afterHooks": [],
          "tests": [
            {
              "title": "Login using valid credentials",
              "fullTitle": "WebdriverUniversity Login Page Login using valid credentials",
              "timedOut": null,
              "duration": 2515,
              "state": "passed",
              "speed": "fast",
              "pass": true,
              "fail": false,
              "pending": false,
              "context": null,
              "code": "const state = window.testState;\nreturn cy\n  .then(() => state.onStartScenario(scenario, indexedSteps))\n  .then(() =>\n    resolveAndRunBeforeHooks.call(this, scenario.tags, state.feature.name)\n  )\n  .then(() =>\n    indexedSteps.forEach((step) =>\n      stepTest.call(this, state, step, rowData)\n    )\n  )\n  .then(() => state.onFinishScenario(scenario));",
              "err": {},
              "uuid": "aae79ed5-7d39-409b-9919-6377f22c971c",
              "parentUUID": "0137bb4e-0223-43fc-83ff-a79ddd7dc36f",
              "isHook": false,
              "skipped": false
            },
            {
              "title": "Login using invalid credentials",
              "fullTitle": "WebdriverUniversity Login Page Login using invalid credentials",
              "timedOut": null,
              "duration": 1201,
              "state": "passed",
              "speed": "fast",
              "pass": true,
              "fail": false,
              "pending": false,
              "context": null,
              "code": "const state = window.testState;\nreturn cy\n  .then(() => state.onStartScenario(scenario, indexedSteps))\n  .then(() =>\n    resolveAndRunBeforeHooks.call(this, scenario.tags, state.feature.name)\n  )\n  .then(() =>\n    indexedSteps.forEach((step) =>\n      stepTest.call(this, state, step, rowData)\n    )\n  )\n  .then(() => state.onFinishScenario(scenario));",
              "err": {},
              "uuid": "4eb0ea95-8960-4ebd-9952-9507d2457c94",
              "parentUUID": "0137bb4e-0223-43fc-83ff-a79ddd7dc36f",
              "isHook": false,
              "skipped": false
            },
            {
              "title": "Test Login via WebdriverUniversity Login Portal (example #1)",
              "fullTitle": "WebdriverUniversity Login Page Test Login via WebdriverUniversity Login Portal (example #1)",
              "timedOut": null,
              "duration": 1176,
              "state": "passed",
              "speed": "fast",
              "pass": true,
              "fail": false,
              "pending": false,
              "context": null,
              "code": "const state = window.testState;\nreturn cy\n  .then(() => state.onStartScenario(scenario, indexedSteps))\n  .then(() =>\n    resolveAndRunBeforeHooks.call(this, scenario.tags, state.feature.name)\n  )\n  .then(() =>\n    indexedSteps.forEach((step) =>\n      stepTest.call(this, state, step, rowData)\n    )\n  )\n  .then(() => state.onFinishScenario(scenario));",
              "err": {},
              "uuid": "3bbbaeef-0678-4405-a4e2-96a2ca237bc6",
              "parentUUID": "0137bb4e-0223-43fc-83ff-a79ddd7dc36f",
              "isHook": false,
              "skipped": false
            },
            {
              "title": "Test Login via WebdriverUniversity Login Portal (example #2)",
              "fullTitle": "WebdriverUniversity Login Page Test Login via WebdriverUniversity Login Portal (example #2)",
              "timedOut": null,
              "duration": 1216,
              "state": "passed",
              "speed": "fast",
              "pass": true,
              "fail": false,
              "pending": false,
              "context": null,
              "code": "const state = window.testState;\nreturn cy\n  .then(() => state.onStartScenario(scenario, indexedSteps))\n  .then(() =>\n    resolveAndRunBeforeHooks.call(this, scenario.tags, state.feature.name)\n  )\n  .then(() =>\n    indexedSteps.forEach((step) =>\n      stepTest.call(this, state, step, rowData)\n    )\n  )\n  .then(() => state.onFinishScenario(scenario));",
              "err": {},
              "uuid": "f2f9129f-a79f-44ad-988b-d5efc939373d",
              "parentUUID": "0137bb4e-0223-43fc-83ff-a79ddd7dc36f",
              "isHook": false,
              "skipped": false
            }
          ],
          "suites": [],
          "passes": [
            "aae79ed5-7d39-409b-9919-6377f22c971c",
            "4eb0ea95-8960-4ebd-9952-9507d2457c94",
            "3bbbaeef-0678-4405-a4e2-96a2ca237bc6",
            "f2f9129f-a79f-44ad-988b-d5efc939373d"
          ],
          "failures": [],
          "pending": [],
          "skipped": [],
          "duration": 6108,
          "root": false,
          "rootEmpty": false,
          "_timeout": 2000
        }
      ],
      "passes": [],
      "failures": [],
      "pending": [],
      "skipped": [],
      "duration": 0,
      "root": true,
      "rootEmpty": true,
      "_timeout": 2000
    }
  ],
  "meta": {
    "mocha": {
      "version": "7.0.1"
    },
    "mochawesome": {
      "options": {
        "quiet": false,
        "reportFilename": "mochawesome",
        "saveHtml": false,
        "saveJson": true,
        "consoleReporter": "spec",
        "useInlineDiffs": false,
        "code": true
      },
      "version": "7.1.3"
    },
    "marge": {
      "options": {
        "id": "default",
        "reportDir": "cypress/results/mochawesome",
        "quite": true,
        "overwrite": false,
        "html": false,
        "json": true
      },
      "version": "6.2.0"
    }
  }
}