{
  "stats": {
    "suites": 1,
    "tests": 4,
    "passes": 4,
    "pending": 0,
    "failures": 0,
    "start": "2024-03-11T12:56:39.252Z",
    "end": "2024-03-11T12:56:50.582Z",
    "duration": 11330,
    "testsRegistered": 4,
    "passPercent": 100,
    "pendingPercent": 0,
    "other": 0,
    "hasOther": false,
    "skipped": 0,
    "hasSkipped": false
  },
  "results": [
    {
      "uuid": "d9a34919-4e10-47b8-89ce-69440947c692",
      "title": "",
      "fullFile": "cypress/e2e/udemy_lessons/iterate-over-elements.cy.js",
      "file": "cypress/e2e/udemy_lessons/iterate-over-elements.cy.js",
      "beforeHooks": [],
      "afterHooks": [],
      "tests": [],
      "suites": [
        {
          "uuid": "00cd4c0d-11ca-48cb-9908-41ec3a21a1d8",
          "title": "Iterate over elements",
          "fullFile": "",
          "file": "",
          "beforeHooks": [],
          "afterHooks": [],
          "tests": [
            {
              "title": "Log information of all hair care products",
              "fullTitle": "Iterate over elements Log information of all hair care products",
              "timedOut": null,
              "duration": 2850,
              "state": "passed",
              "speed": "fast",
              "pass": true,
              "fail": false,
              "pending": false,
              "context": null,
              "code": "cy.get(\".fixed_wrapper .prdocutname\").each(($el, index, $list) => {\n  cy.log(\"Index: \" + index + \" + \" + $el.text());\n});",
              "err": {},
              "uuid": "e0616592-39d5-4ce4-b850-c8e3c9ae09cb",
              "parentUUID": "00cd4c0d-11ca-48cb-9908-41ec3a21a1d8",
              "isHook": false,
              "skipped": false
            },
            {
              "title": "Add specific product to basket",
              "fullTitle": "Iterate over elements Add specific product to basket",
              "timedOut": null,
              "duration": 2567,
              "state": "passed",
              "speed": "fast",
              "pass": true,
              "fail": false,
              "pending": false,
              "context": null,
              "code": "cy.selectProduct(\"Curls to straight Shampoo\");",
              "err": {},
              "uuid": "2dd40d2e-53ed-4a04-8817-8193b0a6cc69",
              "parentUUID": "00cd4c0d-11ca-48cb-9908-41ec3a21a1d8",
              "isHook": false,
              "skipped": false
            },
            {
              "title": "Add another specific product to basket",
              "fullTitle": "Iterate over elements Add another specific product to basket",
              "timedOut": null,
              "duration": 2258,
              "state": "passed",
              "speed": "fast",
              "pass": true,
              "fail": false,
              "pending": false,
              "context": null,
              "code": "cy.selectProduct(\"Seaweed Condiditoner\");",
              "err": {},
              "uuid": "55f95516-9e11-4ec0-97bd-0f333341a7f1",
              "parentUUID": "00cd4c0d-11ca-48cb-9908-41ec3a21a1d8",
              "isHook": false,
              "skipped": false
            },
            {
              "title": "Add another specific product to basket2",
              "fullTitle": "Iterate over elements Add another specific product to basket2",
              "timedOut": null,
              "duration": 2638,
              "state": "passed",
              "speed": "fast",
              "pass": true,
              "fail": false,
              "pending": false,
              "context": null,
              "code": "cy.selectProduct(\"Eau Parfumee au The Vert Shampoo\");",
              "err": {},
              "uuid": "5d066389-eb6a-45f3-847b-3650e2e1abee",
              "parentUUID": "00cd4c0d-11ca-48cb-9908-41ec3a21a1d8",
              "isHook": false,
              "skipped": false
            }
          ],
          "suites": [],
          "passes": [
            "e0616592-39d5-4ce4-b850-c8e3c9ae09cb",
            "2dd40d2e-53ed-4a04-8817-8193b0a6cc69",
            "55f95516-9e11-4ec0-97bd-0f333341a7f1",
            "5d066389-eb6a-45f3-847b-3650e2e1abee"
          ],
          "failures": [],
          "pending": [],
          "skipped": [],
          "duration": 10313,
          "root": false,
          "rootEmpty": false,
          "_timeout": 2000
        }
      ],
      "passes": [],
      "failures": [],
      "pending": [],
      "skipped": [],
      "duration": 0,
      "root": true,
      "rootEmpty": true,
      "_timeout": 2000
    }
  ],
  "meta": {
    "mocha": {
      "version": "7.0.1"
    },
    "mochawesome": {
      "options": {
        "quiet": false,
        "reportFilename": "mochawesome",
        "saveHtml": false,
        "saveJson": true,
        "consoleReporter": "spec",
        "useInlineDiffs": false,
        "code": true
      },
      "version": "7.1.3"
    },
    "marge": {
      "options": {
        "id": "default",
        "reportDir": "cypress/results/mochawesome",
        "quite": true,
        "overwrite": false,
        "html": false,
        "json": true
      },
      "version": "6.2.0"
    }
  }
}